This file contains any messages produced by compilers while
running configure, to aid debugging if configure makes a mistake.

It was created by pkg-config configure 0.29.2, which was
generated by GNU Autoconf 2.69.  Invocation command line was

  $ ./configure 

## --------- ##
## Platform. ##
## --------- ##

hostname = tranvanlocsMini
uname -m = x86_64
uname -r = 16.4.0
uname -s = Darwin
uname -v = Darwin Kernel Version 16.4.0: Thu Dec 22 22:53:21 PST 2016; root:xnu-3789.41.3~3/RELEASE_X86_64

/usr/bin/uname -p = i386
/bin/uname -X     = unknown

/bin/arch              = unknown
/usr/bin/arch -k       = unknown
/usr/convex/getsysinfo = unknown
/usr/bin/hostinfo      = Mach kernel version:
	 Darwin Kernel Version 16.4.0: Thu Dec 22 22:53:21 PST 2016; root:xnu-3789.41.3~3/RELEASE_X86_64
Kernel configured for up to 4 processors.
2 processors are physically available.
4 processors are logically available.
Processor type: x86_64h (Intel x86-64h Haswell)
Processors active: 0 1 2 3
Primary memory available: 8.00 gigabytes
Default processor set: 316 tasks, 1369 threads, 4 processors
Load average: 1.65, Mach factor: 2.33
/bin/machine           = unknown
/usr/bin/oslevel       = unknown
/bin/universe          = unknown

PATH: /opt/local/bin
PATH: /opt/local/sbin
PATH: /usr/local/bin
PATH: /usr/bin
PATH: /bin
PATH: /usr/sbin
PATH: /sbin
PATH: /Library/Frameworks/Mono.framework/Versions/Current/Commands
PATH: /opt/local/bin
PATH: /usr/lib


## ----------- ##
## Core tests. ##
## ----------- ##

configure:2328: checking for a BSD-compatible install
configure:2396: result: /usr/bin/install -c
configure:2407: checking whether build environment is sane
configure:2462: result: yes
configure:2613: checking for a thread-safe mkdir -p
configure:2652: result: ./install-sh -c -d
configure:2659: checking for gawk
configure:2689: result: no
configure:2659: checking for mawk
configure:2689: result: no
configure:2659: checking for nawk
configure:2689: result: no
configure:2659: checking for awk
configure:2675: found /usr/bin/awk
configure:2686: result: awk
configure:2697: checking whether make sets $(MAKE)
configure:2719: result: yes
configure:2748: checking whether make supports nested variables
configure:2765: result: yes
configure:2922: checking build system type
configure:2936: result: x86_64-apple-darwin16.4.0
configure:2956: checking host system type
configure:2969: result: x86_64-apple-darwin16.4.0
configure:3010: checking how to print strings
configure:3037: result: printf
configure:3070: checking for style of include used by make
configure:3098: result: GNU
configure:3169: checking for gcc
configure:3185: found /usr/bin/gcc
configure:3196: result: gcc
configure:3425: checking for C compiler version
configure:3434: gcc --version >&5
Apple LLVM version 8.0.0 (clang-800.0.42.1)
Target: x86_64-apple-darwin16.4.0
Thread model: posix
InstalledDir: /Applications/Xcode.app/Contents/Developer/Toolchains/XcodeDefault.xctoolchain/usr/bin
Configured with: --prefix=/Applications/Xcode.app/Contents/Developer/usr --with-gxx-include-dir=/usr/include/c++/4.2.1
configure:3445: $? = 0
configure:3434: gcc -v >&5
Configured with: --prefix=/Applications/Xcode.app/Contents/Developer/usr --with-gxx-include-dir=/usr/include/c++/4.2.1
Apple LLVM version 8.0.0 (clang-800.0.42.1)
Target: x86_64-apple-darwin16.4.0
Thread model: posix
InstalledDir: /Applications/Xcode.app/Contents/Developer/Toolchains/XcodeDefault.xctoolchain/usr/bin
configure:3445: $? = 0
configure:3434: gcc -V >&5
clang: error: argument to '-V' is missing (expected 1 value)
clang: error: no input files
configure:3445: $? = 1
configure:3434: gcc -qversion >&5
clang: error: unknown argument: '-qversion'
clang: error: no input files
configure:3445: $? = 1
configure:3465: checking whether the C compiler works
configure:3487: gcc    conftest.c  >&5
configure:3491: $? = 0
configure:3539: result: yes
configure:3542: checking for C compiler default output file name
configure:3544: result: a.out
configure:3550: checking for suffix of executables
configure:3557: gcc -o conftest    conftest.c  >&5
configure:3561: $? = 0
configure:3583: result: 
configure:3605: checking whether we are cross compiling
configure:3613: gcc -o conftest    conftest.c  >&5
configure:3617: $? = 0
configure:3624: ./conftest
configure:3628: $? = 0
configure:3643: result: no
configure:3648: checking for suffix of object files
configure:3670: gcc -c   conftest.c >&5
configure:3674: $? = 0
configure:3695: result: o
configure:3699: checking whether we are using the GNU C compiler
configure:3718: gcc -c   conftest.c >&5
configure:3718: $? = 0
configure:3727: result: yes
configure:3736: checking whether gcc accepts -g
configure:3756: gcc -c -g  conftest.c >&5
configure:3756: $? = 0
configure:3797: result: yes
configure:3814: checking for gcc option to accept ISO C89
configure:3877: gcc  -c -g -O2  conftest.c >&5
configure:3877: $? = 0
configure:3890: result: none needed
configure:3915: checking whether gcc understands -c and -o together
configure:3937: gcc -c conftest.c -o conftest2.o
configure:3940: $? = 0
configure:3937: gcc -c conftest.c -o conftest2.o
configure:3940: $? = 0
configure:3952: result: yes
configure:3971: checking dependency style of gcc
configure:4082: result: gcc3
configure:4097: checking for a sed that does not truncate output
configure:4161: result: /usr/bin/sed
configure:4179: checking for grep that handles long lines and -e
configure:4237: result: /usr/bin/grep
configure:4242: checking for egrep
configure:4304: result: /usr/bin/grep -E
configure:4309: checking for fgrep
configure:4371: result: /usr/bin/grep -F
configure:4406: checking for ld used by gcc
configure:4473: result: /Applications/Xcode.app/Contents/Developer/Toolchains/XcodeDefault.xctoolchain/usr/bin/ld
configure:4480: checking if the linker (/Applications/Xcode.app/Contents/Developer/Toolchains/XcodeDefault.xctoolchain/usr/bin/ld) is GNU ld
configure:4495: result: no
configure:4507: checking for BSD- or MS-compatible name lister (nm)
configure:4561: result: /usr/bin/nm -B
configure:4691: checking the name lister (/usr/bin/nm -B) interface
configure:4698: gcc -c -g -O2  conftest.c >&5
configure:4701: /usr/bin/nm -B "conftest.o"
configure:4704: output
0000000000000214 S _some_variable
configure:4711: result: BSD nm
configure:4714: checking whether ln -s works
configure:4718: result: yes
configure:4726: checking the maximum length of command line arguments
configure:4857: result: 196608
configure:4905: checking how to convert x86_64-apple-darwin16.4.0 file names to x86_64-apple-darwin16.4.0 format
configure:4945: result: func_convert_file_noop
configure:4952: checking how to convert x86_64-apple-darwin16.4.0 file names to toolchain format
configure:4972: result: func_convert_file_noop
configure:4979: checking for /Applications/Xcode.app/Contents/Developer/Toolchains/XcodeDefault.xctoolchain/usr/bin/ld option to reload object files
configure:4986: result: -r
configure:5060: checking for objdump
configure:5076: found /usr/bin/objdump
configure:5087: result: objdump
configure:5119: checking how to recognize dependent libraries
configure:5319: result: pass_all
configure:5404: checking for dlltool
configure:5434: result: no
configure:5464: checking how to associate runtime and link libraries
configure:5491: result: printf %s\n
configure:5552: checking for ar
configure:5568: found /usr/bin/ar
configure:5579: result: ar
configure:5616: checking for archiver @FILE support
configure:5633: gcc -c -g -O2  conftest.c >&5
configure:5633: $? = 0
configure:5636: ar cru libconftest.a @conftest.lst >&5
ar: @conftest.lst: No such file or directory
configure:5639: $? = 1
configure:5659: result: no
configure:5717: checking for strip
configure:5733: found /usr/bin/strip
configure:5744: result: strip
configure:5816: checking for ranlib
configure:5832: found /usr/bin/ranlib
configure:5843: result: ranlib
configure:5945: checking command to parse /usr/bin/nm -B output from gcc object
configure:6098: gcc -c -g -O2  conftest.c >&5
configure:6101: $? = 0
configure:6105: /usr/bin/nm -B conftest.o \| sed -n -e 's/^.*[ ]\([BCDEGRST][BCDEGRST]*\)[ ][ ]*\([_A-Za-z][_A-Za-z0-9]*\)$/\1 \2 \2/p' | sed '/ __gnu_lto/d' \> conftest.nm
configure:6108: $? = 0
cannot find nm_test_var in conftest.nm
configure:6098: gcc -c -g -O2  conftest.c >&5
configure:6101: $? = 0
configure:6105: /usr/bin/nm -B conftest.o \| sed -n -e 's/^.*[ ]\([BCDEGRST][BCDEGRST]*\)[ ][ ]*_\([_A-Za-z][_A-Za-z0-9]*\)$/\1 _\2 \2/p' | sed '/ __gnu_lto/d' \> conftest.nm
configure:6108: $? = 0
configure:6174: gcc -o conftest -g -O2   conftest.c conftstm.o >&5
warning: (x86_64)  could not find object file symbol for symbol _main
configure:6177: $? = 0
configure:6215: result: ok
configure:6262: checking for sysroot
configure:6292: result: no
configure:6299: checking for a working dd
configure:6337: result: /bin/dd
configure:6341: checking how to truncate binary pipes
configure:6356: result: /bin/dd bs=4096 count=1
configure:6685: checking for mt
configure:6715: result: no
configure:6735: checking if : is a manifest tool
configure:6741: : '-?'
configure:6749: result: no
configure:6805: checking for dsymutil
configure:6821: found /usr/bin/dsymutil
configure:6832: result: dsymutil
configure:6897: checking for nmedit
configure:6913: found /usr/bin/nmedit
configure:6924: result: nmedit
configure:6989: checking for lipo
configure:7005: found /usr/bin/lipo
configure:7016: result: lipo
configure:7081: checking for otool
configure:7097: found /usr/bin/otool
configure:7108: result: otool
configure:7173: checking for otool64
configure:7203: result: no
configure:7248: checking for -single_module linker flag
gcc -g -O2  -o libconftest.dylib -dynamiclib -Wl,-single_module conftest.c
configure:7281: result: yes
configure:7284: checking for -exported_symbols_list linker flag
configure:7304: gcc -o conftest -g -O2   -Wl,-exported_symbols_list,conftest.sym conftest.c  >&5
configure:7304: $? = 0
configure:7314: result: yes
configure:7317: checking for -force_load linker flag
gcc -g -O2 -c -o conftest.o conftest.c
ar cru libconftest.a conftest.o
ranlib libconftest.a
gcc -g -O2  -o conftest conftest.c -Wl,-force_load,./libconftest.a
configure:7349: result: yes
configure:7426: checking how to run the C preprocessor
configure:7457: gcc -E  conftest.c
configure:7457: $? = 0
configure:7471: gcc -E  conftest.c
conftest.c:11:10: fatal error: 'ac_nonexistent.h' file not found
#include <ac_nonexistent.h>
         ^
1 error generated.
configure:7471: $? = 1
configure: failed program was:
| /* confdefs.h */
| #define PACKAGE_NAME "pkg-config"
| #define PACKAGE_TARNAME "pkg-config"
| #define PACKAGE_VERSION "0.29.2"
| #define PACKAGE_STRING "pkg-config 0.29.2"
| #define PACKAGE_BUGREPORT "https://bugs.freedesktop.org/enter_bug.cgi?product=pkg-config"
| #define PACKAGE_URL ""
| #define PACKAGE "pkg-config"
| #define VERSION "0.29.2"
| /* end confdefs.h.  */
| #include <ac_nonexistent.h>
configure:7496: result: gcc -E
configure:7516: gcc -E  conftest.c
configure:7516: $? = 0
configure:7530: gcc -E  conftest.c
conftest.c:11:10: fatal error: 'ac_nonexistent.h' file not found
#include <ac_nonexistent.h>
         ^
1 error generated.
configure:7530: $? = 1
configure: failed program was:
| /* confdefs.h */
| #define PACKAGE_NAME "pkg-config"
| #define PACKAGE_TARNAME "pkg-config"
| #define PACKAGE_VERSION "0.29.2"
| #define PACKAGE_STRING "pkg-config 0.29.2"
| #define PACKAGE_BUGREPORT "https://bugs.freedesktop.org/enter_bug.cgi?product=pkg-config"
| #define PACKAGE_URL ""
| #define PACKAGE "pkg-config"
| #define VERSION "0.29.2"
| /* end confdefs.h.  */
| #include <ac_nonexistent.h>
configure:7559: checking for ANSI C header files
configure:7579: gcc -c -g -O2  conftest.c >&5
configure:7579: $? = 0
configure:7652: gcc -o conftest -g -O2   conftest.c  >&5
configure:7652: $? = 0
configure:7652: ./conftest
configure:7652: $? = 0
configure:7663: result: yes
configure:7676: checking for sys/types.h
configure:7676: gcc -c -g -O2  conftest.c >&5
configure:7676: $? = 0
configure:7676: result: yes
configure:7676: checking for sys/stat.h
configure:7676: gcc -c -g -O2  conftest.c >&5
configure:7676: $? = 0
configure:7676: result: yes
configure:7676: checking for stdlib.h
configure:7676: gcc -c -g -O2  conftest.c >&5
configure:7676: $? = 0
configure:7676: result: yes
configure:7676: checking for string.h
configure:7676: gcc -c -g -O2  conftest.c >&5
configure:7676: $? = 0
configure:7676: result: yes
configure:7676: checking for memory.h
configure:7676: gcc -c -g -O2  conftest.c >&5
configure:7676: $? = 0
configure:7676: result: yes
configure:7676: checking for strings.h
configure:7676: gcc -c -g -O2  conftest.c >&5
configure:7676: $? = 0
configure:7676: result: yes
configure:7676: checking for inttypes.h
configure:7676: gcc -c -g -O2  conftest.c >&5
configure:7676: $? = 0
configure:7676: result: yes
configure:7676: checking for stdint.h
configure:7676: gcc -c -g -O2  conftest.c >&5
configure:7676: $? = 0
configure:7676: result: yes
configure:7676: checking for unistd.h
configure:7676: gcc -c -g -O2  conftest.c >&5
configure:7676: $? = 0
configure:7676: result: yes
configure:7690: checking for dlfcn.h
configure:7690: gcc -c -g -O2  conftest.c >&5
configure:7690: $? = 0
configure:7690: result: yes
configure:7946: checking for objdir
configure:7961: result: .libs
configure:8221: checking if gcc supports -fno-rtti -fno-exceptions
configure:8239: gcc -c -g -O2  -fno-rtti -fno-exceptions conftest.c >&5
configure:8243: $? = 0
configure:8256: result: yes
configure:8614: checking for gcc option to produce PIC
configure:8621: result: -fno-common -DPIC
configure:8629: checking if gcc PIC flag -fno-common -DPIC works
configure:8647: gcc -c -g -O2  -fno-common -DPIC -DPIC conftest.c >&5
configure:8651: $? = 0
configure:8664: result: yes
configure:8693: checking if gcc static flag -static works
configure:8721: result: no
configure:8736: checking if gcc supports -c -o file.o
configure:8757: gcc -c -g -O2  -o out/conftest2.o conftest.c >&5
configure:8761: $? = 0
configure:8783: result: yes
configure:8791: checking if gcc supports -c -o file.o
configure:8838: result: yes
configure:8871: checking whether the gcc linker (/Applications/Xcode.app/Contents/Developer/Toolchains/XcodeDefault.xctoolchain/usr/bin/ld) supports shared libraries
configure:10130: result: yes
configure:10370: checking dynamic linker characteristics
configure:11191: result: darwin16.4.0 dyld
configure:11313: checking how to hardcode library paths into programs
configure:11338: result: immediate
configure:11886: checking whether stripping libraries is possible
configure:11900: result: yes
configure:11926: checking if libtool supports shared libraries
configure:11928: result: yes
configure:11931: checking whether to build shared libraries
configure:11956: result: yes
configure:11959: checking whether to build static libraries
configure:11963: result: yes
configure:12012: checking whether make supports nested variables
configure:12029: result: yes
configure:12048: checking for special C compiler options needed for large files
configure:12093: result: no
configure:12099: checking for _FILE_OFFSET_BITS value needed for large files
configure:12124: gcc -c -g -O2  conftest.c >&5
configure:12124: $? = 0
configure:12156: result: no
configure:12290: checking for gcc
configure:12317: result: gcc
configure:12546: checking for C compiler version
configure:12555: gcc --version >&5
Apple LLVM version 8.0.0 (clang-800.0.42.1)
Target: x86_64-apple-darwin16.4.0
Thread model: posix
InstalledDir: /Applications/Xcode.app/Contents/Developer/Toolchains/XcodeDefault.xctoolchain/usr/bin
Configured with: --prefix=/Applications/Xcode.app/Contents/Developer/usr --with-gxx-include-dir=/usr/include/c++/4.2.1
configure:12566: $? = 0
configure:12555: gcc -v >&5
Configured with: --prefix=/Applications/Xcode.app/Contents/Developer/usr --with-gxx-include-dir=/usr/include/c++/4.2.1
Apple LLVM version 8.0.0 (clang-800.0.42.1)
Target: x86_64-apple-darwin16.4.0
Thread model: posix
InstalledDir: /Applications/Xcode.app/Contents/Developer/Toolchains/XcodeDefault.xctoolchain/usr/bin
configure:12566: $? = 0
configure:12555: gcc -V >&5
clang: error: argument to '-V' is missing (expected 1 value)
clang: error: no input files
configure:12566: $? = 1
configure:12555: gcc -qversion >&5
clang: error: unknown argument: '-qversion'
clang: error: no input files
configure:12566: $? = 1
configure:12570: checking whether we are using the GNU C compiler
configure:12598: result: yes
configure:12607: checking whether gcc accepts -g
configure:12668: result: yes
configure:12685: checking for gcc option to accept ISO C89
configure:12761: result: none needed
configure:12786: checking whether gcc understands -c and -o together
configure:12823: result: yes
configure:12842: checking dependency style of gcc
configure:12953: result: gcc3
configure:12970: checking for ln
configure:12986: found /bin/ln
configure:12998: result: ln
configure:13010: checking dirent.h usability
configure:13010: gcc -c -g -O2  conftest.c >&5
configure:13010: $? = 0
configure:13010: result: yes
configure:13010: checking dirent.h presence
configure:13010: gcc -E  conftest.c
configure:13010: $? = 0
configure:13010: result: yes
configure:13010: checking for dirent.h
configure:13010: result: yes
configure:13010: checking for unistd.h
configure:13010: result: yes
configure:13010: checking sys/wait.h usability
configure:13010: gcc -c -g -O2  conftest.c >&5
configure:13010: $? = 0
configure:13010: result: yes
configure:13010: checking sys/wait.h presence
configure:13010: gcc -E  conftest.c
configure:13010: $? = 0
configure:13010: result: yes
configure:13010: checking for sys/wait.h
configure:13010: result: yes
configure:13010: checking malloc.h usability
configure:13010: gcc -c -g -O2  conftest.c >&5
conftest.c:59:10: fatal error: 'malloc.h' file not found
#include <malloc.h>
         ^
1 error generated.
configure:13010: $? = 1
configure: failed program was:
| /* confdefs.h */
| #define PACKAGE_NAME "pkg-config"
| #define PACKAGE_TARNAME "pkg-config"
| #define PACKAGE_VERSION "0.29.2"
| #define PACKAGE_STRING "pkg-config 0.29.2"
| #define PACKAGE_BUGREPORT "https://bugs.freedesktop.org/enter_bug.cgi?product=pkg-config"
| #define PACKAGE_URL ""
| #define PACKAGE "pkg-config"
| #define VERSION "0.29.2"
| #define STDC_HEADERS 1
| #define HAVE_SYS_TYPES_H 1
| #define HAVE_SYS_STAT_H 1
| #define HAVE_STDLIB_H 1
| #define HAVE_STRING_H 1
| #define HAVE_MEMORY_H 1
| #define HAVE_STRINGS_H 1
| #define HAVE_INTTYPES_H 1
| #define HAVE_STDINT_H 1
| #define HAVE_UNISTD_H 1
| #define HAVE_DLFCN_H 1
| #define LT_OBJDIR ".libs/"
| #define HAVE_DIRENT_H 1
| #define HAVE_UNISTD_H 1
| #define HAVE_SYS_WAIT_H 1
| /* end confdefs.h.  */
| #include <stdio.h>
| #ifdef HAVE_SYS_TYPES_H
| # include <sys/types.h>
| #endif
| #ifdef HAVE_SYS_STAT_H
| # include <sys/stat.h>
| #endif
| #ifdef STDC_HEADERS
| # include <stdlib.h>
| # include <stddef.h>
| #else
| # ifdef HAVE_STDLIB_H
| #  include <stdlib.h>
| # endif
| #endif
| #ifdef HAVE_STRING_H
| # if !defined STDC_HEADERS && defined HAVE_MEMORY_H
| #  include <memory.h>
| # endif
| # include <string.h>
| #endif
| #ifdef HAVE_STRINGS_H
| # include <strings.h>
| #endif
| #ifdef HAVE_INTTYPES_H
| # include <inttypes.h>
| #endif
| #ifdef HAVE_STDINT_H
| # include <stdint.h>
| #endif
| #ifdef HAVE_UNISTD_H
| # include <unistd.h>
| #endif
| #include <malloc.h>
configure:13010: result: no
configure:13010: checking malloc.h presence
configure:13010: gcc -E  conftest.c
conftest.c:26:10: fatal error: 'malloc.h' file not found
#include <malloc.h>
         ^
1 error generated.
configure:13010: $? = 1
configure: failed program was:
| /* confdefs.h */
| #define PACKAGE_NAME "pkg-config"
| #define PACKAGE_TARNAME "pkg-config"
| #define PACKAGE_VERSION "0.29.2"
| #define PACKAGE_STRING "pkg-config 0.29.2"
| #define PACKAGE_BUGREPORT "https://bugs.freedesktop.org/enter_bug.cgi?product=pkg-config"
| #define PACKAGE_URL ""
| #define PACKAGE "pkg-config"
| #define VERSION "0.29.2"
| #define STDC_HEADERS 1
| #define HAVE_SYS_TYPES_H 1
| #define HAVE_SYS_STAT_H 1
| #define HAVE_STDLIB_H 1
| #define HAVE_STRING_H 1
| #define HAVE_MEMORY_H 1
| #define HAVE_STRINGS_H 1
| #define HAVE_INTTYPES_H 1
| #define HAVE_STDINT_H 1
| #define HAVE_UNISTD_H 1
| #define HAVE_DLFCN_H 1
| #define LT_OBJDIR ".libs/"
| #define HAVE_DIRENT_H 1
| #define HAVE_UNISTD_H 1
| #define HAVE_SYS_WAIT_H 1
| /* end confdefs.h.  */
| #include <malloc.h>
configure:13010: result: no
configure:13010: checking for malloc.h
configure:13010: result: no
configure:13027: checking for bash
configure:13045: found /bin/bash
configure:13057: result: /bin/bash
configure:13073: checking for default search path for .pc files
configure:13091: result: ${libdir}/pkgconfig:${datadir}/pkgconfig:/usr/lib/pkgconfig:/usr/share/pkgconfig
configure:13095: checking for system include path to avoid -I flags
configure:13105: result: /usr/include
configure:13109: checking for system library path to avoid -L flags
configure:13129: result: /usr/lib:/lib
configure:13134: creating ./config.lt

## ------------------ ##
## Running config.lt. ##
## ------------------ ##
config.lt:624: creating libtool
use_indirect_deps=auto
configure:14429: checking whether to list both direct and indirect dependencies
configure:14447: result: no
configure:14462: checking for Win32
configure:14472: result: no
configure:14525: checking if prefix should be redefined at runtime
configure:14534: result: no
configure:14579: checking if internal glib should be used
configure:14592: result: no
configure:14648: checking for pkg-config
configure:14681: result: no
configure:14716: checking for glib-2.0 >= 2.16
configure:14775: result: no
configure:14777: error: Either a previously installed pkg-config or "glib-2.0 >= 2.16" could not be found. Please set GLIB_CFLAGS and GLIB_LIBS to the correct values or pass --with-internal-glib to configure to use the bundled copy.

## ---------------- ##
## Cache variables. ##
## ---------------- ##

ac_cv_build=x86_64-apple-darwin16.4.0
ac_cv_c_compiler_gnu=yes
ac_cv_env_CC_set=
ac_cv_env_CC_value=
ac_cv_env_CFLAGS_set=
ac_cv_env_CFLAGS_value=
ac_cv_env_CPPFLAGS_set=
ac_cv_env_CPPFLAGS_value=
ac_cv_env_CPP_set=
ac_cv_env_CPP_value=
ac_cv_env_GLIB_CFLAGS_set=
ac_cv_env_GLIB_CFLAGS_value=
ac_cv_env_GLIB_LIBS_set=
ac_cv_env_GLIB_LIBS_value=
ac_cv_env_LDFLAGS_set=
ac_cv_env_LDFLAGS_value=
ac_cv_env_LIBS_set=
ac_cv_env_LIBS_value=
ac_cv_env_LT_SYS_LIBRARY_PATH_set=
ac_cv_env_LT_SYS_LIBRARY_PATH_value=
ac_cv_env_PKG_CONFIG_LIBDIR_set=
ac_cv_env_PKG_CONFIG_LIBDIR_value=
ac_cv_env_PKG_CONFIG_PATH_set=
ac_cv_env_PKG_CONFIG_PATH_value=
ac_cv_env_PKG_CONFIG_set=
ac_cv_env_PKG_CONFIG_value=
ac_cv_env_TESTS_SHELL_set=
ac_cv_env_TESTS_SHELL_value=
ac_cv_env_build_alias_set=
ac_cv_env_build_alias_value=
ac_cv_env_host_alias_set=
ac_cv_env_host_alias_value=
ac_cv_env_target_alias_set=
ac_cv_env_target_alias_value=
ac_cv_header_dirent_h=yes
ac_cv_header_dlfcn_h=yes
ac_cv_header_inttypes_h=yes
ac_cv_header_malloc_h=no
ac_cv_header_memory_h=yes
ac_cv_header_stdc=yes
ac_cv_header_stdint_h=yes
ac_cv_header_stdlib_h=yes
ac_cv_header_string_h=yes
ac_cv_header_strings_h=yes
ac_cv_header_sys_stat_h=yes
ac_cv_header_sys_types_h=yes
ac_cv_header_sys_wait_h=yes
ac_cv_header_unistd_h=yes
ac_cv_host=x86_64-apple-darwin16.4.0
ac_cv_objext=o
ac_cv_path_EGREP='/usr/bin/grep -E'
ac_cv_path_FGREP='/usr/bin/grep -F'
ac_cv_path_GREP=/usr/bin/grep
ac_cv_path_SED=/usr/bin/sed
ac_cv_path_TESTS_SHELL=/bin/bash
ac_cv_path_install='/usr/bin/install -c'
ac_cv_path_lt_DD=/bin/dd
ac_cv_prog_AWK=awk
ac_cv_prog_CPP='gcc -E'
ac_cv_prog_LN=ln
ac_cv_prog_ac_ct_AR=ar
ac_cv_prog_ac_ct_CC=gcc
ac_cv_prog_ac_ct_DSYMUTIL=dsymutil
ac_cv_prog_ac_ct_LIPO=lipo
ac_cv_prog_ac_ct_NMEDIT=nmedit
ac_cv_prog_ac_ct_OBJDUMP=objdump
ac_cv_prog_ac_ct_OTOOL=otool
ac_cv_prog_ac_ct_RANLIB=ranlib
ac_cv_prog_ac_ct_STRIP=strip
ac_cv_prog_cc_c89=
ac_cv_prog_cc_g=yes
ac_cv_prog_make_make_set=yes
ac_cv_sys_file_offset_bits=no
ac_cv_sys_largefile_CC=no
am_cv_CC_dependencies_compiler_type=gcc3
am_cv_make_support_nested_variables=yes
am_cv_prog_cc_c_o=yes
lt_cv_apple_cc_single_mod=yes
lt_cv_ar_at_file=no
lt_cv_deplibs_check_method=pass_all
lt_cv_file_magic_cmd='$MAGIC_CMD'
lt_cv_file_magic_test_file=
lt_cv_ld_exported_symbols_list=yes
lt_cv_ld_force_load=yes
lt_cv_ld_reload_flag=-r
lt_cv_nm_interface='BSD nm'
lt_cv_objdir=.libs
lt_cv_path_LD=/Applications/Xcode.app/Contents/Developer/Toolchains/XcodeDefault.xctoolchain/usr/bin/ld
lt_cv_path_NM='/usr/bin/nm -B'
lt_cv_path_mainfest_tool=no
lt_cv_prog_compiler_c_o=yes
lt_cv_prog_compiler_pic='-fno-common -DPIC'
lt_cv_prog_compiler_pic_works=yes
lt_cv_prog_compiler_rtti_exceptions=yes
lt_cv_prog_compiler_static_works=no
lt_cv_prog_gnu_ld=no
lt_cv_sharedlib_from_linklib_cmd='printf %s\n'
lt_cv_sys_global_symbol_pipe='sed -n -e '\''s/^.*[	 ]\([BCDEGRST][BCDEGRST]*\)[	 ][	 ]*_\([_A-Za-z][_A-Za-z0-9]*\)$/\1 _\2 \2/p'\'' | sed '\''/ __gnu_lto/d'\'''
lt_cv_sys_global_symbol_to_c_name_address='sed -n -e '\''s/^: \(.*\) .*$/  {"\1", (void *) 0},/p'\'' -e '\''s/^[BCDEGRST][BCDEGRST]* .* \(.*\)$/  {"\1", (void *) \&\1},/p'\'''
lt_cv_sys_global_symbol_to_c_name_address_lib_prefix='sed -n -e '\''s/^: \(.*\) .*$/  {"\1", (void *) 0},/p'\'' -e '\''s/^[BCDEGRST][BCDEGRST]* .* \(lib.*\)$/  {"\1", (void *) \&\1},/p'\'' -e '\''s/^[BCDEGRST][BCDEGRST]* .* \(.*\)$/  {"lib\1", (void *) \&\1},/p'\'''
lt_cv_sys_global_symbol_to_cdecl='sed -n -e '\''s/^T .* \(.*\)$/extern int \1();/p'\'' -e '\''s/^[BCDEGRST][BCDEGRST]* .* \(.*\)$/extern char \1;/p'\'''
lt_cv_sys_global_symbol_to_import=
lt_cv_sys_max_cmd_len=196608
lt_cv_to_host_file_cmd=func_convert_file_noop
lt_cv_to_tool_file_cmd=func_convert_file_noop
lt_cv_truncate_bin='/bin/dd bs=4096 count=1'

## ----------------- ##
## Output variables. ##
## ----------------- ##

ACLOCAL='${SHELL} /Users/xuanloctn/Documents/Backup/LocTV/FFmpeg/pkg-config-0.29.2/missing aclocal-1.15'
AMDEPBACKSLASH='\'
AMDEP_FALSE='#'
AMDEP_TRUE=''
AMTAR='$${TAR-tar}'
AM_BACKSLASH='\'
AM_DEFAULT_V='$(AM_DEFAULT_VERBOSITY)'
AM_DEFAULT_VERBOSITY='0'
AM_V='$(V)'
AR='ar'
AUTOCONF='${SHELL} /Users/xuanloctn/Documents/Backup/LocTV/FFmpeg/pkg-config-0.29.2/missing autoconf'
AUTOHEADER='${SHELL} /Users/xuanloctn/Documents/Backup/LocTV/FFmpeg/pkg-config-0.29.2/missing autoheader'
AUTOMAKE='${SHELL} /Users/xuanloctn/Documents/Backup/LocTV/FFmpeg/pkg-config-0.29.2/missing automake-1.15'
AWK='awk'
CC='gcc'
CCDEPMODE='depmode=gcc3'
CFLAGS='-g -O2'
CPP='gcc -E'
CPPFLAGS=''
CYGPATH_W='echo'
DEFS=''
DEPDIR='.deps'
DLLTOOL='false'
DSYMUTIL='dsymutil'
DUMPBIN=''
ECHO_C='\c'
ECHO_N=''
ECHO_T=''
EGREP='/usr/bin/grep -E'
EXEEXT=''
FGREP='/usr/bin/grep -F'
GCOV=''
GCOV_CFLAGS=''
GLIB_CFLAGS=''
GLIB_LIBS=''
GREP='/usr/bin/grep'
HOST_TOOL_FALSE=''
HOST_TOOL_TRUE=''
INSTALL_DATA='${INSTALL} -m 644'
INSTALL_PROGRAM='${INSTALL}'
INSTALL_SCRIPT='${INSTALL}'
INSTALL_STRIP_PROGRAM='$(install_sh) -c -s'
INTERNAL_GLIB_FALSE=''
INTERNAL_GLIB_TRUE='#'
LD='/Applications/Xcode.app/Contents/Developer/Toolchains/XcodeDefault.xctoolchain/usr/bin/ld'
LDFLAGS=''
LIBOBJS=''
LIBS=''
LIBTOOL='$(SHELL) $(top_builddir)/libtool'
LIPO='lipo'
LN='ln'
LN_S='ln -s'
LTLIBOBJS=''
LT_SYS_LIBRARY_PATH=''
MAKEINFO='${SHELL} /Users/xuanloctn/Documents/Backup/LocTV/FFmpeg/pkg-config-0.29.2/missing makeinfo'
MANIFEST_TOOL=':'
MKDIR_P='./install-sh -c -d'
NATIVE_WIN32_FALSE=''
NATIVE_WIN32_TRUE='#'
NM='/usr/bin/nm -B'
NMEDIT='nmedit'
OBJDUMP='objdump'
OBJEXT='o'
OTOOL64=':'
OTOOL='otool'
PACKAGE='pkg-config'
PACKAGE_BUGREPORT='https://bugs.freedesktop.org/enter_bug.cgi?product=pkg-config'
PACKAGE_NAME='pkg-config'
PACKAGE_STRING='pkg-config 0.29.2'
PACKAGE_TARNAME='pkg-config'
PACKAGE_URL=''
PACKAGE_VERSION='0.29.2'
PATH_SEPARATOR=':'
PKG_CONFIG=''
PKG_CONFIG_LIBDIR=''
PKG_CONFIG_PATH=''
RANLIB='ranlib'
SED='/usr/bin/sed'
SET_MAKE=''
SHELL='/bin/sh'
STRIP='strip'
TESTS_PKG_CONFIG='${top_builddir}/pkg-config${EXEEXT}'
TESTS_SHELL='/bin/bash'
VERSION='0.29.2'
WARN_CFLAGS='-g -Wall -O2'
WINE=''
ac_ct_AR='ar'
ac_ct_CC='gcc'
ac_ct_DUMPBIN=''
am__EXEEXT_FALSE=''
am__EXEEXT_TRUE=''
am__fastdepCC_FALSE='#'
am__fastdepCC_TRUE=''
am__include='include'
am__isrc=''
am__leading_dot='.'
am__nodep='_no'
am__quote=''
am__tar='$${TAR-tar} chof - "$$tardir"'
am__untar='$${TAR-tar} xf -'
bindir='${exec_prefix}/bin'
build='x86_64-apple-darwin16.4.0'
build_alias=''
build_cpu='x86_64'
build_os='darwin16.4.0'
build_vendor='apple'
datadir='${datarootdir}'
datarootdir='${prefix}/share'
docdir='${datarootdir}/doc/${PACKAGE_TARNAME}'
dvidir='${docdir}'
exec_prefix='NONE'
host='x86_64-apple-darwin16.4.0'
host_alias=''
host_cpu='x86_64'
host_os='darwin16.4.0'
host_vendor='apple'
htmldir='${docdir}'
includedir='${prefix}/include'
infodir='${datarootdir}/info'
install_sh='${SHELL} /Users/xuanloctn/Documents/Backup/LocTV/FFmpeg/pkg-config-0.29.2/install-sh'
libdir='${exec_prefix}/lib'
libexecdir='${exec_prefix}/libexec'
localedir='${datarootdir}/locale'
localstatedir='${prefix}/var'
mandir='${datarootdir}/man'
mkdir_p='$(MKDIR_P)'
native_win32='no'
oldincludedir='/usr/include'
pc_path='${libdir}/pkgconfig:${datadir}/pkgconfig:/usr/lib/pkgconfig:/usr/share/pkgconfig'
pdfdir='${docdir}'
prefix='NONE'
program_transform_name='s,x,x,'
psdir='${docdir}'
sbindir='${exec_prefix}/sbin'
sharedstatedir='${prefix}/com'
subdirs=''
sysconfdir='${prefix}/etc'
system_include_path='/usr/include'
system_library_path='/usr/lib:/lib'
target_alias=''
use_indirect_deps='no'

## ----------- ##
## confdefs.h. ##
## ----------- ##

/* confdefs.h */
#define PACKAGE_NAME "pkg-config"
#define PACKAGE_TARNAME "pkg-config"
#define PACKAGE_VERSION "0.29.2"
#define PACKAGE_STRING "pkg-config 0.29.2"
#define PACKAGE_BUGREPORT "https://bugs.freedesktop.org/enter_bug.cgi?product=pkg-config"
#define PACKAGE_URL ""
#define PACKAGE "pkg-config"
#define VERSION "0.29.2"
#define STDC_HEADERS 1
#define HAVE_SYS_TYPES_H 1
#define HAVE_SYS_STAT_H 1
#define HAVE_STDLIB_H 1
#define HAVE_STRING_H 1
#define HAVE_MEMORY_H 1
#define HAVE_STRINGS_H 1
#define HAVE_INTTYPES_H 1
#define HAVE_STDINT_H 1
#define HAVE_UNISTD_H 1
#define HAVE_DLFCN_H 1
#define LT_OBJDIR ".libs/"
#define HAVE_DIRENT_H 1
#define HAVE_UNISTD_H 1
#define HAVE_SYS_WAIT_H 1
#define ENABLE_INDIRECT_DEPS FALSE
#define ENABLE_DEFINE_PREFIX FALSE

configure: exit 1
