This file contains any messages produced by compilers while
running configure, to aid debugging if configure makes a mistake.

It was created by Xvid configure 1.3.3, which was
generated by GNU Autoconf 2.69.  Invocation command line was

  $ ./configure 

## --------- ##
## Platform. ##
## --------- ##

hostname = tranvanloc
uname -m = x86_64
uname -r = 16.4.0
uname -s = Darwin
uname -v = Darwin Kernel Version 16.4.0: Thu Dec 22 22:53:21 PST 2016; root:xnu-3789.41.3~3/RELEASE_X86_64

/usr/bin/uname -p = i386
/bin/uname -X     = unknown

/bin/arch              = unknown
/usr/bin/arch -k       = unknown
/usr/convex/getsysinfo = unknown
/usr/bin/hostinfo      = Mach kernel version:
	 Darwin Kernel Version 16.4.0: Thu Dec 22 22:53:21 PST 2016; root:xnu-3789.41.3~3/RELEASE_X86_64
Kernel configured for up to 4 processors.
2 processors are physically available.
4 processors are logically available.
Processor type: x86_64h (Intel x86-64h Haswell)
Processors active: 0 1 2 3
Primary memory available: 8.00 gigabytes
Default processor set: 322 tasks, 1381 threads, 4 processors
Load average: 1.26, Mach factor: 2.73
/bin/machine           = unknown
/usr/bin/oslevel       = unknown
/bin/universe          = unknown

PATH: /usr/local/sbin
PATH: /Users/xuanloctn/Documents/Backup/chromium/src/depot_tools
PATH: /opt/local/bin
PATH: /opt/local/sbin
PATH: /usr/local/bin
PATH: /usr/bin
PATH: /bin
PATH: /usr/sbin
PATH: /sbin
PATH: /Library/Frameworks/Mono.framework/Versions/Current/Commands


## ----------- ##
## Core tests. ##
## ----------- ##

configure:2391: checking build system type
configure:2405: result: x86_64-apple-darwin16.4.0
configure:2425: checking host system type
configure:2438: result: x86_64-apple-darwin16.4.0
configure:2458: checking target system type
configure:2471: result: x86_64-apple-darwin16.4.0
configure:2499: checking whether to use default CFLAGS
configure:2503: result: yes
configure:2559: checking for gcc
configure:2575: found /usr/bin/gcc
configure:2586: result: gcc
configure:2815: checking for C compiler version
configure:2824: gcc --version >&5
Apple LLVM version 8.0.0 (clang-800.0.42.1)
Target: x86_64-apple-darwin16.4.0
Thread model: posix
InstalledDir: /Applications/Xcode.app/Contents/Developer/Toolchains/XcodeDefault.xctoolchain/usr/bin
Configured with: --prefix=/Applications/Xcode.app/Contents/Developer/usr --with-gxx-include-dir=/usr/include/c++/4.2.1
configure:2835: $? = 0
configure:2824: gcc -v >&5
Configured with: --prefix=/Applications/Xcode.app/Contents/Developer/usr --with-gxx-include-dir=/usr/include/c++/4.2.1
Apple LLVM version 8.0.0 (clang-800.0.42.1)
Target: x86_64-apple-darwin16.4.0
Thread model: posix
InstalledDir: /Applications/Xcode.app/Contents/Developer/Toolchains/XcodeDefault.xctoolchain/usr/bin
configure:2835: $? = 0
configure:2824: gcc -V >&5
clang: error: argument to '-V' is missing (expected 1 value)
clang: error: no input files
configure:2835: $? = 1
configure:2824: gcc -qversion >&5
clang: error: unknown argument: '-qversion'
clang: error: no input files
configure:2835: $? = 1
configure:2855: checking whether the C compiler works
configure:2877: gcc    conftest.c  >&5
configure:2881: $? = 0
configure:2929: result: yes
configure:2932: checking for C compiler default output file name
configure:2934: result: a.out
configure:2940: checking for suffix of executables
configure:2947: gcc -o conftest    conftest.c  >&5
configure:2951: $? = 0
configure:2973: result: 
configure:2995: checking whether we are cross compiling
configure:3003: gcc -o conftest    conftest.c  >&5
configure:3007: $? = 0
configure:3014: ./conftest
configure:3018: $? = 0
configure:3033: result: no
configure:3038: checking for suffix of object files
configure:3060: gcc -c   conftest.c >&5
configure:3064: $? = 0
configure:3085: result: o
configure:3089: checking whether we are using the GNU C compiler
configure:3108: gcc -c   conftest.c >&5
configure:3108: $? = 0
configure:3117: result: yes
configure:3126: checking whether gcc accepts -g
configure:3146: gcc -c -g  conftest.c >&5
configure:3146: $? = 0
configure:3187: result: yes
configure:3204: checking for gcc option to accept ISO C89
configure:3267: gcc  -c -g -O2  conftest.c >&5
configure:3267: $? = 0
configure:3280: result: none needed
configure:3316: checking for a BSD-compatible install
configure:3384: result: /usr/bin/install -c
configure:3440: checking for ranlib
configure:3456: found /usr/bin/ranlib
configure:3467: result: ranlib
configure:3532: checking for ar
configure:3548: found /usr/bin/ar
configure:3559: result: ar
configure:3583: checking for grep that handles long lines and -e
configure:3641: result: /usr/bin/grep
configure:3646: checking for egrep
configure:3708: result: /usr/bin/grep -E
configure:3715: checking whether ln -s works
configure:3719: result: yes
configure:3731: checking for whether to use assembly code
configure:3734: result: yes
configure:3736: checking for architecture type
configure:3745: result: x86_64
configure:3779: checking how to run the C preprocessor
configure:3810: gcc -E  conftest.c
configure:3810: $? = 0
configure:3824: gcc -E  conftest.c
conftest.c:9:10: fatal error: 'ac_nonexistent.h' file not found
#include <ac_nonexistent.h>
         ^
1 error generated.
configure:3824: $? = 1
configure: failed program was:
| /* confdefs.h */
| #define PACKAGE_NAME "Xvid"
| #define PACKAGE_TARNAME "xvid"
| #define PACKAGE_VERSION "1.3.3"
| #define PACKAGE_STRING "Xvid 1.3.3"
| #define PACKAGE_BUGREPORT "xvid-devel@xvid.org"
| #define PACKAGE_URL ""
| /* end confdefs.h.  */
| #include <ac_nonexistent.h>
configure:3849: result: gcc -E
configure:3869: gcc -E  conftest.c
configure:3869: $? = 0
configure:3883: gcc -E  conftest.c
conftest.c:9:10: fatal error: 'ac_nonexistent.h' file not found
#include <ac_nonexistent.h>
         ^
1 error generated.
configure:3883: $? = 1
configure: failed program was:
| /* confdefs.h */
| #define PACKAGE_NAME "Xvid"
| #define PACKAGE_TARNAME "xvid"
| #define PACKAGE_VERSION "1.3.3"
| #define PACKAGE_STRING "Xvid 1.3.3"
| #define PACKAGE_BUGREPORT "xvid-devel@xvid.org"
| #define PACKAGE_URL ""
| /* end confdefs.h.  */
| #include <ac_nonexistent.h>
configure:3912: checking for ANSI C header files
configure:3932: gcc -c -g -O2  conftest.c >&5
configure:3932: $? = 0
configure:4005: gcc -o conftest -g -O2   conftest.c  >&5
configure:4005: $? = 0
configure:4005: ./conftest
configure:4005: $? = 0
configure:4016: result: yes
configure:4029: checking for sys/types.h
configure:4029: gcc -c -g -O2  conftest.c >&5
configure:4029: $? = 0
configure:4029: result: yes
configure:4029: checking for sys/stat.h
configure:4029: gcc -c -g -O2  conftest.c >&5
configure:4029: $? = 0
configure:4029: result: yes
configure:4029: checking for stdlib.h
configure:4029: gcc -c -g -O2  conftest.c >&5
configure:4029: $? = 0
configure:4029: result: yes
configure:4029: checking for string.h
configure:4029: gcc -c -g -O2  conftest.c >&5
configure:4029: $? = 0
configure:4029: result: yes
configure:4029: checking for memory.h
configure:4029: gcc -c -g -O2  conftest.c >&5
configure:4029: $? = 0
configure:4029: result: yes
configure:4029: checking for strings.h
configure:4029: gcc -c -g -O2  conftest.c >&5
configure:4029: $? = 0
configure:4029: result: yes
configure:4029: checking for inttypes.h
configure:4029: gcc -c -g -O2  conftest.c >&5
configure:4029: $? = 0
configure:4029: result: yes
configure:4029: checking for stdint.h
configure:4029: gcc -c -g -O2  conftest.c >&5
configure:4029: $? = 0
configure:4029: result: yes
configure:4029: checking for unistd.h
configure:4029: gcc -c -g -O2  conftest.c >&5
configure:4029: $? = 0
configure:4029: result: yes
configure:4045: checking size of int *
configure:4050: gcc -o conftest -g -O2   conftest.c  >&5
configure:4050: $? = 0
configure:4050: ./conftest
configure:4050: $? = 0
configure:4064: result: 8
configure:4088: checking whether byte ordering is bigendian
configure:4103: gcc -c -g -O2  conftest.c >&5
configure:4103: $? = 0
configure:4148: gcc -c -g -O2  conftest.c >&5
configure:4148: $? = 0
configure:4166: gcc -c -g -O2  conftest.c >&5
conftest.c:27:4: error: use of undeclared identifier 'not'
                 not big endian
                 ^
1 error generated.
configure:4166: $? = 1
configure: failed program was:
| /* confdefs.h */
| #define PACKAGE_NAME "Xvid"
| #define PACKAGE_TARNAME "xvid"
| #define PACKAGE_VERSION "1.3.3"
| #define PACKAGE_STRING "Xvid 1.3.3"
| #define PACKAGE_BUGREPORT "xvid-devel@xvid.org"
| #define PACKAGE_URL ""
| #define STDC_HEADERS 1
| #define HAVE_SYS_TYPES_H 1
| #define HAVE_SYS_STAT_H 1
| #define HAVE_STDLIB_H 1
| #define HAVE_STRING_H 1
| #define HAVE_MEMORY_H 1
| #define HAVE_STRINGS_H 1
| #define HAVE_INTTYPES_H 1
| #define HAVE_STDINT_H 1
| #define HAVE_UNISTD_H 1
| #define SIZEOF_INT_P 8
| /* end confdefs.h.  */
| #include <sys/types.h>
| 		#include <sys/param.h>
| 
| int
| main ()
| {
| #if BYTE_ORDER != BIG_ENDIAN
| 		 not big endian
| 		#endif
| 
|   ;
|   return 0;
| }
configure:4294: result: no
configure:4313: checking for build extensions
configure:4339: result: .dynlib .a .o
configure:4356: checking for platform specific LDFLAGS/CFLAGS
configure:4397: result: dylib options
configure:4447: checking for yasm
configure:4468: found /usr/local/bin/yasm
configure:4492: result: yes
configure:4501: checking for yasm version
configure:4507: result: 1
configure:4600: checking for asm object format
configure:4639: result: macho64
configure:4773: checking stdio.h usability
configure:4773: gcc -c -g -O2  conftest.c >&5
configure:4773: $? = 0
configure:4773: result: yes
configure:4773: checking stdio.h presence
configure:4773: gcc -E  conftest.c
configure:4773: $? = 0
configure:4773: result: yes
configure:4773: checking for stdio.h
configure:4773: result: yes
configure:4773: checking signal.h usability
configure:4773: gcc -c -g -O2  conftest.c >&5
configure:4773: $? = 0
configure:4773: result: yes
configure:4773: checking signal.h presence
configure:4773: gcc -E  conftest.c
configure:4773: $? = 0
configure:4773: result: yes
configure:4773: checking for signal.h
configure:4773: result: yes
configure:4773: checking for stdlib.h
configure:4773: result: yes
configure:4773: checking for string.h
configure:4773: result: yes
configure:4773: checking assert.h usability
configure:4773: gcc -c -g -O2  conftest.c >&5
configure:4773: $? = 0
configure:4773: result: yes
configure:4773: checking assert.h presence
configure:4773: gcc -E  conftest.c
configure:4773: $? = 0
configure:4773: result: yes
configure:4773: checking for assert.h
configure:4773: result: yes
configure:4773: checking math.h usability
configure:4773: gcc -c -g -O2  conftest.c >&5
configure:4773: $? = 0
configure:4773: result: yes
configure:4773: checking math.h presence
configure:4773: gcc -E  conftest.c
configure:4773: $? = 0
configure:4773: result: yes
configure:4773: checking for math.h
configure:4773: result: yes
configure:4886: checking pthread.h usability
configure:4886: gcc -c -g -O2  conftest.c >&5
configure:4886: $? = 0
configure:4886: result: yes
configure:4886: checking pthread.h presence
configure:4886: gcc -E  conftest.c
configure:4886: $? = 0
configure:4886: result: yes
configure:4886: checking for pthread.h
configure:4886: result: yes
configure:4888: checking for pthread_create in -lpthread
configure:4913: gcc -o conftest -g -O2   conftest.c -lpthread   >&5
configure:4913: $? = 0
configure:4922: result: yes
configure:5211: creating ./config.status

## ---------------------- ##
## Running config.status. ##
## ---------------------- ##

This file was extended by Xvid config.status 1.3.3, which was
generated by GNU Autoconf 2.69.  Invocation command line was

  CONFIG_FILES    = 
  CONFIG_HEADERS  = 
  CONFIG_LINKS    = 
  CONFIG_COMMANDS = 
  $ ./config.status 

on tranvanloc

config.status:771: creating platform.inc

## ---------------- ##
## Cache variables. ##
## ---------------- ##

ac_cv_build=x86_64-apple-darwin16.4.0
ac_cv_c_bigendian=no
ac_cv_c_compiler_gnu=yes
ac_cv_env_CC_set=
ac_cv_env_CC_value=
ac_cv_env_CFLAGS_set=
ac_cv_env_CFLAGS_value=
ac_cv_env_CPPFLAGS_set=
ac_cv_env_CPPFLAGS_value=
ac_cv_env_CPP_set=
ac_cv_env_CPP_value=
ac_cv_env_LDFLAGS_set=
ac_cv_env_LDFLAGS_value=
ac_cv_env_LIBS_set=
ac_cv_env_LIBS_value=
ac_cv_env_build_alias_set=
ac_cv_env_build_alias_value=
ac_cv_env_host_alias_set=
ac_cv_env_host_alias_value=
ac_cv_env_target_alias_set=
ac_cv_env_target_alias_value=
ac_cv_header_assert_h=yes
ac_cv_header_inttypes_h=yes
ac_cv_header_math_h=yes
ac_cv_header_memory_h=yes
ac_cv_header_pthread_h=yes
ac_cv_header_signal_h=yes
ac_cv_header_stdc=yes
ac_cv_header_stdint_h=yes
ac_cv_header_stdio_h=yes
ac_cv_header_stdlib_h=yes
ac_cv_header_string_h=yes
ac_cv_header_strings_h=yes
ac_cv_header_sys_stat_h=yes
ac_cv_header_sys_types_h=yes
ac_cv_header_unistd_h=yes
ac_cv_host=x86_64-apple-darwin16.4.0
ac_cv_lib_pthread_pthread_create=yes
ac_cv_objext=o
ac_cv_path_EGREP='/usr/bin/grep -E'
ac_cv_path_GREP=/usr/bin/grep
ac_cv_path_install='/usr/bin/install -c'
ac_cv_prog_CPP='gcc -E'
ac_cv_prog_ac_ct_AR=ar
ac_cv_prog_ac_ct_CC=gcc
ac_cv_prog_ac_ct_RANLIB=ranlib
ac_cv_prog_ac_yasm=yes
ac_cv_prog_cc_c89=
ac_cv_prog_cc_g=yes
ac_cv_sizeof_int_p=8
ac_cv_target=x86_64-apple-darwin16.4.0

## ----------------- ##
## Output variables. ##
## ----------------- ##

AFLAGS='-I$(<D)/ -I../../src/ -f macho64 -DPREFIX  -DARCH_IS_X86_64'
ALTIVEC_CFLAGS=''
API_MAJOR='4'
API_MINOR='3'
AR='ar'
ARCHITECTURE='X86_64'
AS='yasm'
ASSEMBLY_EXTENSION='asm'
ASSEMBLY_SOURCES='SRC_X86_64'
BUS='64BIT'
CC='gcc'
CFLAGS='-Wall -O2 -fstrength-reduce -finline-functions -ffast-math -fomit-frame-pointer'
CPP='gcc -E'
CPPFLAGS=''
DCT_IA64_SOURCES=''
DEFS='-DPACKAGE_NAME=\"Xvid\" -DPACKAGE_TARNAME=\"xvid\" -DPACKAGE_VERSION=\"1.3.3\" -DPACKAGE_STRING=\"Xvid\ 1.3.3\" -DPACKAGE_BUGREPORT=\"xvid-devel@xvid.org\" -DPACKAGE_URL=\"\" -DSTDC_HEADERS=1 -DHAVE_SYS_TYPES_H=1 -DHAVE_SYS_STAT_H=1 -DHAVE_STDLIB_H=1 -DHAVE_STRING_H=1 -DHAVE_MEMORY_H=1 -DHAVE_STRINGS_H=1 -DHAVE_INTTYPES_H=1 -DHAVE_STDINT_H=1 -DHAVE_UNISTD_H=1 -DSIZEOF_INT_P=8 -DHAVE_STDIO_H=1 -DHAVE_SIGNAL_H=1 -DHAVE_STDLIB_H=1 -DHAVE_STRING_H=1 -DHAVE_ASSERT_H=1 -DHAVE_MATH_H=1'
ECHO_C='\c'
ECHO_N=''
ECHO_T=''
EGREP='/usr/bin/grep -E'
ENDIANNESS='LITTLE_ENDIAN'
EXEEXT=''
FEATURES=''
GENERIC_SOURCES='SRC_GENERIC'
GREP='/usr/bin/grep'
INSTALL_DATA='${INSTALL} -m 644'
INSTALL_PROGRAM='${INSTALL}'
INSTALL_SCRIPT='${INSTALL}'
LDFLAGS=''
LIBOBJS=''
LIBS=''
LN_S='ln -s'
LTLIBOBJS=''
NASM_FORMAT='macho64'
OBJECT_EXTENSION='o'
OBJEXT='o'
PACKAGE_BUGREPORT='xvid-devel@xvid.org'
PACKAGE_NAME='Xvid'
PACKAGE_STRING='Xvid 1.3.3'
PACKAGE_TARNAME='xvid'
PACKAGE_URL=''
PACKAGE_VERSION='1.3.3'
PATH_SEPARATOR=':'
PPC_ALTIVEC_SOURCES=''
PRE_SHARED_LIB='libxvidcore.$(API_MAJOR).$(SHARED_EXTENSION)'
RANLIB='ranlib'
SHARED_EXTENSION='dylib'
SHARED_LIB='libxvidcore.$(API_MAJOR).$(SHARED_EXTENSION)'
SHELL='/bin/sh'
SO_API_MAJOR_LINK=''
SO_LINK=''
SPECIFIC_CFLAGS='-fPIC -fno-common -no-cpp-precomp -DHAVE_PTHREAD'
SPECIFIC_LDFLAGS='-Wl,-read_only_relocs,suppress -dynamiclib -flat_namespace -compatibility_version $(API_MAJOR) -current_version $(API_MAJOR).$(API_MINOR) -install_name $(libdir)/$(SHARED_LIB) -lpthread '
STATIC_EXTENSION='a'
STATIC_LIB='libxvidcore.$(STATIC_EXTENSION)'
ac_ct_CC='gcc'
ac_nasm=''
ac_yasm='yes'
bindir='${exec_prefix}/bin'
build='x86_64-apple-darwin16.4.0'
build_alias=''
build_cpu='x86_64'
build_os='darwin16.4.0'
build_vendor='apple'
datadir='${datarootdir}'
datarootdir='${prefix}/share'
docdir='${datarootdir}/doc/${PACKAGE_TARNAME}'
dvidir='${docdir}'
exec_prefix='${prefix}'
host='x86_64-apple-darwin16.4.0'
host_alias=''
host_cpu='x86_64'
host_os='darwin16.4.0'
host_vendor='apple'
htmldir='${docdir}'
includedir='${prefix}/include'
infodir='${datarootdir}/info'
libdir='${exec_prefix}/lib'
libexecdir='${exec_prefix}/libexec'
localedir='${datarootdir}/locale'
localstatedir='${prefix}/var'
mandir='${datarootdir}/man'
oldincludedir='/usr/include'
pdfdir='${docdir}'
prefix='/usr/local'
program_transform_name='s,x,x,'
psdir='${docdir}'
sbindir='${exec_prefix}/sbin'
sharedstatedir='${prefix}/com'
sysconfdir='${prefix}/etc'
target='x86_64-apple-darwin16.4.0'
target_alias=''
target_cpu='x86_64'
target_os='darwin16.4.0'
target_vendor='apple'

## ----------- ##
## confdefs.h. ##
## ----------- ##

/* confdefs.h */
#define PACKAGE_NAME "Xvid"
#define PACKAGE_TARNAME "xvid"
#define PACKAGE_VERSION "1.3.3"
#define PACKAGE_STRING "Xvid 1.3.3"
#define PACKAGE_BUGREPORT "xvid-devel@xvid.org"
#define PACKAGE_URL ""
#define STDC_HEADERS 1
#define HAVE_SYS_TYPES_H 1
#define HAVE_SYS_STAT_H 1
#define HAVE_STDLIB_H 1
#define HAVE_STRING_H 1
#define HAVE_MEMORY_H 1
#define HAVE_STRINGS_H 1
#define HAVE_INTTYPES_H 1
#define HAVE_STDINT_H 1
#define HAVE_UNISTD_H 1
#define SIZEOF_INT_P 8
#define HAVE_STDIO_H 1
#define HAVE_SIGNAL_H 1
#define HAVE_STDLIB_H 1
#define HAVE_STRING_H 1
#define HAVE_ASSERT_H 1
#define HAVE_MATH_H 1

configure: exit 0
