# ../configure 
  enabling vp8_encoder
  enabling vp8_decoder
  enabling vp9_encoder
  enabling vp9_decoder
Configuring for target 'x86_64-darwin16-gcc'
  enabling x86_64
check_cpp
BEGIN /var/folders/t3/lsk7zc0926g7bd_2kv9d0pp80000gn/T//vpx-conf-54131-3002.c
     1	#if !defined(__ILP32__) || !defined(__x86_64__)
     2	#error "not x32"
     3	#endif
END /var/folders/t3/lsk7zc0926g7bd_2kv9d0pp80000gn/T//vpx-conf-54131-3002.c
gcc -isysroot /Applications/Xcode.app/Contents/Developer/Platforms/MacOSX.platform/Developer/SDKs/MacOSX10.12.sdk -mmacosx-version-min=10.12 -E -o /var/folders/t3/lsk7zc0926g7bd_2kv9d0pp80000gn/T//vpx-conf-54131-3002.o /var/folders/t3/lsk7zc0926g7bd_2kv9d0pp80000gn/T//vpx-conf-54131-3002.c
/var/folders/t3/lsk7zc0926g7bd_2kv9d0pp80000gn/T//vpx-conf-54131-3002.c:2:2: error: "not x32"
#error "not x32"
 ^
1 error generated.
  enabling runtime_cpu_detect
check_cflags -mmmx
check_cc -Werror -mmmx
BEGIN /var/folders/t3/lsk7zc0926g7bd_2kv9d0pp80000gn/T//vpx-conf-54131-3002.c
     1	int x;
END /var/folders/t3/lsk7zc0926g7bd_2kv9d0pp80000gn/T//vpx-conf-54131-3002.c
gcc -isysroot /Applications/Xcode.app/Contents/Developer/Platforms/MacOSX.platform/Developer/SDKs/MacOSX10.12.sdk -mmacosx-version-min=10.12 -m64 -Werror -mmmx -c -o /var/folders/t3/lsk7zc0926g7bd_2kv9d0pp80000gn/T//vpx-conf-54131-3002.o /var/folders/t3/lsk7zc0926g7bd_2kv9d0pp80000gn/T//vpx-conf-54131-3002.c
  enabling mmx
check_cflags -msse
check_cc -Werror -msse
BEGIN /var/folders/t3/lsk7zc0926g7bd_2kv9d0pp80000gn/T//vpx-conf-54131-3002.c
     1	int x;
END /var/folders/t3/lsk7zc0926g7bd_2kv9d0pp80000gn/T//vpx-conf-54131-3002.c
gcc -isysroot /Applications/Xcode.app/Contents/Developer/Platforms/MacOSX.platform/Developer/SDKs/MacOSX10.12.sdk -mmacosx-version-min=10.12 -m64 -Werror -msse -c -o /var/folders/t3/lsk7zc0926g7bd_2kv9d0pp80000gn/T//vpx-conf-54131-3002.o /var/folders/t3/lsk7zc0926g7bd_2kv9d0pp80000gn/T//vpx-conf-54131-3002.c
  enabling sse
check_cflags -msse2
check_cc -Werror -msse2
BEGIN /var/folders/t3/lsk7zc0926g7bd_2kv9d0pp80000gn/T//vpx-conf-54131-3002.c
     1	int x;
END /var/folders/t3/lsk7zc0926g7bd_2kv9d0pp80000gn/T//vpx-conf-54131-3002.c
gcc -isysroot /Applications/Xcode.app/Contents/Developer/Platforms/MacOSX.platform/Developer/SDKs/MacOSX10.12.sdk -mmacosx-version-min=10.12 -m64 -Werror -msse2 -c -o /var/folders/t3/lsk7zc0926g7bd_2kv9d0pp80000gn/T//vpx-conf-54131-3002.o /var/folders/t3/lsk7zc0926g7bd_2kv9d0pp80000gn/T//vpx-conf-54131-3002.c
  enabling sse2
check_cflags -msse3
check_cc -Werror -msse3
BEGIN /var/folders/t3/lsk7zc0926g7bd_2kv9d0pp80000gn/T//vpx-conf-54131-3002.c
     1	int x;
END /var/folders/t3/lsk7zc0926g7bd_2kv9d0pp80000gn/T//vpx-conf-54131-3002.c
gcc -isysroot /Applications/Xcode.app/Contents/Developer/Platforms/MacOSX.platform/Developer/SDKs/MacOSX10.12.sdk -mmacosx-version-min=10.12 -m64 -Werror -msse3 -c -o /var/folders/t3/lsk7zc0926g7bd_2kv9d0pp80000gn/T//vpx-conf-54131-3002.o /var/folders/t3/lsk7zc0926g7bd_2kv9d0pp80000gn/T//vpx-conf-54131-3002.c
  enabling sse3
check_cflags -mssse3
check_cc -Werror -mssse3
BEGIN /var/folders/t3/lsk7zc0926g7bd_2kv9d0pp80000gn/T//vpx-conf-54131-3002.c
     1	int x;
END /var/folders/t3/lsk7zc0926g7bd_2kv9d0pp80000gn/T//vpx-conf-54131-3002.c
gcc -isysroot /Applications/Xcode.app/Contents/Developer/Platforms/MacOSX.platform/Developer/SDKs/MacOSX10.12.sdk -mmacosx-version-min=10.12 -m64 -Werror -mssse3 -c -o /var/folders/t3/lsk7zc0926g7bd_2kv9d0pp80000gn/T//vpx-conf-54131-3002.o /var/folders/t3/lsk7zc0926g7bd_2kv9d0pp80000gn/T//vpx-conf-54131-3002.c
  enabling ssse3
check_cflags -msse4
check_cc -Werror -msse4
BEGIN /var/folders/t3/lsk7zc0926g7bd_2kv9d0pp80000gn/T//vpx-conf-54131-3002.c
     1	int x;
END /var/folders/t3/lsk7zc0926g7bd_2kv9d0pp80000gn/T//vpx-conf-54131-3002.c
gcc -isysroot /Applications/Xcode.app/Contents/Developer/Platforms/MacOSX.platform/Developer/SDKs/MacOSX10.12.sdk -mmacosx-version-min=10.12 -m64 -Werror -msse4 -c -o /var/folders/t3/lsk7zc0926g7bd_2kv9d0pp80000gn/T//vpx-conf-54131-3002.o /var/folders/t3/lsk7zc0926g7bd_2kv9d0pp80000gn/T//vpx-conf-54131-3002.c
  enabling sse4_1
check_cflags -mavx
check_cc -Werror -mavx
BEGIN /var/folders/t3/lsk7zc0926g7bd_2kv9d0pp80000gn/T//vpx-conf-54131-3002.c
     1	int x;
END /var/folders/t3/lsk7zc0926g7bd_2kv9d0pp80000gn/T//vpx-conf-54131-3002.c
gcc -isysroot /Applications/Xcode.app/Contents/Developer/Platforms/MacOSX.platform/Developer/SDKs/MacOSX10.12.sdk -mmacosx-version-min=10.12 -m64 -Werror -mavx -c -o /var/folders/t3/lsk7zc0926g7bd_2kv9d0pp80000gn/T//vpx-conf-54131-3002.o /var/folders/t3/lsk7zc0926g7bd_2kv9d0pp80000gn/T//vpx-conf-54131-3002.c
  enabling avx
check_cflags -mavx2
check_cc -Werror -mavx2
BEGIN /var/folders/t3/lsk7zc0926g7bd_2kv9d0pp80000gn/T//vpx-conf-54131-3002.c
     1	int x;
END /var/folders/t3/lsk7zc0926g7bd_2kv9d0pp80000gn/T//vpx-conf-54131-3002.c
gcc -isysroot /Applications/Xcode.app/Contents/Developer/Platforms/MacOSX.platform/Developer/SDKs/MacOSX10.12.sdk -mmacosx-version-min=10.12 -m64 -Werror -mavx2 -c -o /var/folders/t3/lsk7zc0926g7bd_2kv9d0pp80000gn/T//vpx-conf-54131-3002.o /var/folders/t3/lsk7zc0926g7bd_2kv9d0pp80000gn/T//vpx-conf-54131-3002.c
  enabling avx2
  using yasm
check_cxxflags -DNDEBUG
check_cxx -Werror -DNDEBUG
BEGIN /var/folders/t3/lsk7zc0926g7bd_2kv9d0pp80000gn/T//vpx-conf-54131-3002.cc
     1	int x;
END /var/folders/t3/lsk7zc0926g7bd_2kv9d0pp80000gn/T//vpx-conf-54131-3002.cc
g++ -isysroot /Applications/Xcode.app/Contents/Developer/Platforms/MacOSX.platform/Developer/SDKs/MacOSX10.12.sdk -mmacosx-version-min=10.12 -m64 -arch x86_64 -Werror -DNDEBUG -c -o /var/folders/t3/lsk7zc0926g7bd_2kv9d0pp80000gn/T//vpx-conf-54131-3002.o /var/folders/t3/lsk7zc0926g7bd_2kv9d0pp80000gn/T//vpx-conf-54131-3002.cc
check_cflags -DNDEBUG
check_cc -Werror -DNDEBUG
BEGIN /var/folders/t3/lsk7zc0926g7bd_2kv9d0pp80000gn/T//vpx-conf-54131-3002.c
     1	int x;
END /var/folders/t3/lsk7zc0926g7bd_2kv9d0pp80000gn/T//vpx-conf-54131-3002.c
gcc -isysroot /Applications/Xcode.app/Contents/Developer/Platforms/MacOSX.platform/Developer/SDKs/MacOSX10.12.sdk -mmacosx-version-min=10.12 -m64 -arch x86_64 -Werror -DNDEBUG -c -o /var/folders/t3/lsk7zc0926g7bd_2kv9d0pp80000gn/T//vpx-conf-54131-3002.o /var/folders/t3/lsk7zc0926g7bd_2kv9d0pp80000gn/T//vpx-conf-54131-3002.c
check_cxxflags -O3
check_cxx -Werror -O3
BEGIN /var/folders/t3/lsk7zc0926g7bd_2kv9d0pp80000gn/T//vpx-conf-54131-3002.cc
     1	int x;
END /var/folders/t3/lsk7zc0926g7bd_2kv9d0pp80000gn/T//vpx-conf-54131-3002.cc
g++ -isysroot /Applications/Xcode.app/Contents/Developer/Platforms/MacOSX.platform/Developer/SDKs/MacOSX10.12.sdk -mmacosx-version-min=10.12 -m64 -arch x86_64 -DNDEBUG -Werror -O3 -c -o /var/folders/t3/lsk7zc0926g7bd_2kv9d0pp80000gn/T//vpx-conf-54131-3002.o /var/folders/t3/lsk7zc0926g7bd_2kv9d0pp80000gn/T//vpx-conf-54131-3002.cc
check_cflags -O3
check_cc -Werror -O3
BEGIN /var/folders/t3/lsk7zc0926g7bd_2kv9d0pp80000gn/T//vpx-conf-54131-3002.c
     1	int x;
END /var/folders/t3/lsk7zc0926g7bd_2kv9d0pp80000gn/T//vpx-conf-54131-3002.c
gcc -isysroot /Applications/Xcode.app/Contents/Developer/Platforms/MacOSX.platform/Developer/SDKs/MacOSX10.12.sdk -mmacosx-version-min=10.12 -m64 -arch x86_64 -DNDEBUG -Werror -O3 -c -o /var/folders/t3/lsk7zc0926g7bd_2kv9d0pp80000gn/T//vpx-conf-54131-3002.o /var/folders/t3/lsk7zc0926g7bd_2kv9d0pp80000gn/T//vpx-conf-54131-3002.c
check_cc
BEGIN /var/folders/t3/lsk7zc0926g7bd_2kv9d0pp80000gn/T//vpx-conf-54131-3002.c
     1	unsigned int e = 'O'<<24 | '2'<<16 | 'B'<<8 | 'E';
END /var/folders/t3/lsk7zc0926g7bd_2kv9d0pp80000gn/T//vpx-conf-54131-3002.c
gcc -isysroot /Applications/Xcode.app/Contents/Developer/Platforms/MacOSX.platform/Developer/SDKs/MacOSX10.12.sdk -mmacosx-version-min=10.12 -m64 -arch x86_64 -DNDEBUG -O3 -c -o /var/folders/t3/lsk7zc0926g7bd_2kv9d0pp80000gn/T//vpx-conf-54131-3002.o /var/folders/t3/lsk7zc0926g7bd_2kv9d0pp80000gn/T//vpx-conf-54131-3002.c
check_cc
BEGIN /var/folders/t3/lsk7zc0926g7bd_2kv9d0pp80000gn/T//vpx-conf-54131-3002.c
     1	static inline function() {}
END /var/folders/t3/lsk7zc0926g7bd_2kv9d0pp80000gn/T//vpx-conf-54131-3002.c
gcc -isysroot /Applications/Xcode.app/Contents/Developer/Platforms/MacOSX.platform/Developer/SDKs/MacOSX10.12.sdk -mmacosx-version-min=10.12 -m64 -arch x86_64 -DNDEBUG -O3 -c -o /var/folders/t3/lsk7zc0926g7bd_2kv9d0pp80000gn/T//vpx-conf-54131-3002.o /var/folders/t3/lsk7zc0926g7bd_2kv9d0pp80000gn/T//vpx-conf-54131-3002.c
/var/folders/t3/lsk7zc0926g7bd_2kv9d0pp80000gn/T//vpx-conf-54131-3002.c:1:15: warning: type specifier missing, defaults to 'int' [-Wimplicit-int]
static inline function() {}
~~~~~~~~~~~~~ ^
/var/folders/t3/lsk7zc0926g7bd_2kv9d0pp80000gn/T//vpx-conf-54131-3002.c:1:27: warning: control reaches end of non-void function [-Wreturn-type]
static inline function() {}
                          ^
2 warnings generated.
check_header pthread.h
check_cpp
BEGIN /var/folders/t3/lsk7zc0926g7bd_2kv9d0pp80000gn/T//vpx-conf-54131-3002.c
     1	#include "pthread.h"
     2	int x;
END /var/folders/t3/lsk7zc0926g7bd_2kv9d0pp80000gn/T//vpx-conf-54131-3002.c
gcc -isysroot /Applications/Xcode.app/Contents/Developer/Platforms/MacOSX.platform/Developer/SDKs/MacOSX10.12.sdk -mmacosx-version-min=10.12 -m64 -arch x86_64 -DNDEBUG -O3 -E -o /var/folders/t3/lsk7zc0926g7bd_2kv9d0pp80000gn/T//vpx-conf-54131-3002.o /var/folders/t3/lsk7zc0926g7bd_2kv9d0pp80000gn/T//vpx-conf-54131-3002.c
check_cxxflags -Wall
check_cxx -Werror -Wall
BEGIN /var/folders/t3/lsk7zc0926g7bd_2kv9d0pp80000gn/T//vpx-conf-54131-3002.cc
     1	int x;
END /var/folders/t3/lsk7zc0926g7bd_2kv9d0pp80000gn/T//vpx-conf-54131-3002.cc
g++ -isysroot /Applications/Xcode.app/Contents/Developer/Platforms/MacOSX.platform/Developer/SDKs/MacOSX10.12.sdk -mmacosx-version-min=10.12 -m64 -arch x86_64 -DNDEBUG -O3 -Werror -Wall -c -o /var/folders/t3/lsk7zc0926g7bd_2kv9d0pp80000gn/T//vpx-conf-54131-3002.o /var/folders/t3/lsk7zc0926g7bd_2kv9d0pp80000gn/T//vpx-conf-54131-3002.cc
check_cflags -Wall
check_cc -Werror -Wall
BEGIN /var/folders/t3/lsk7zc0926g7bd_2kv9d0pp80000gn/T//vpx-conf-54131-3002.c
     1	int x;
END /var/folders/t3/lsk7zc0926g7bd_2kv9d0pp80000gn/T//vpx-conf-54131-3002.c
gcc -isysroot /Applications/Xcode.app/Contents/Developer/Platforms/MacOSX.platform/Developer/SDKs/MacOSX10.12.sdk -mmacosx-version-min=10.12 -m64 -arch x86_64 -DNDEBUG -O3 -Werror -Wall -c -o /var/folders/t3/lsk7zc0926g7bd_2kv9d0pp80000gn/T//vpx-conf-54131-3002.o /var/folders/t3/lsk7zc0926g7bd_2kv9d0pp80000gn/T//vpx-conf-54131-3002.c
check_cxxflags -Wdeclaration-after-statement
check_cxx -Werror -Wdeclaration-after-statement
BEGIN /var/folders/t3/lsk7zc0926g7bd_2kv9d0pp80000gn/T//vpx-conf-54131-3002.cc
     1	int x;
END /var/folders/t3/lsk7zc0926g7bd_2kv9d0pp80000gn/T//vpx-conf-54131-3002.cc
g++ -isysroot /Applications/Xcode.app/Contents/Developer/Platforms/MacOSX.platform/Developer/SDKs/MacOSX10.12.sdk -mmacosx-version-min=10.12 -m64 -arch x86_64 -DNDEBUG -O3 -Wall -Werror -Wdeclaration-after-statement -c -o /var/folders/t3/lsk7zc0926g7bd_2kv9d0pp80000gn/T//vpx-conf-54131-3002.o /var/folders/t3/lsk7zc0926g7bd_2kv9d0pp80000gn/T//vpx-conf-54131-3002.cc
check_cflags -Wdeclaration-after-statement
check_cc -Werror -Wdeclaration-after-statement
BEGIN /var/folders/t3/lsk7zc0926g7bd_2kv9d0pp80000gn/T//vpx-conf-54131-3002.c
     1	int x;
END /var/folders/t3/lsk7zc0926g7bd_2kv9d0pp80000gn/T//vpx-conf-54131-3002.c
gcc -isysroot /Applications/Xcode.app/Contents/Developer/Platforms/MacOSX.platform/Developer/SDKs/MacOSX10.12.sdk -mmacosx-version-min=10.12 -m64 -arch x86_64 -DNDEBUG -O3 -Wall -Werror -Wdeclaration-after-statement -c -o /var/folders/t3/lsk7zc0926g7bd_2kv9d0pp80000gn/T//vpx-conf-54131-3002.o /var/folders/t3/lsk7zc0926g7bd_2kv9d0pp80000gn/T//vpx-conf-54131-3002.c
check_cxxflags -Wdisabled-optimization
check_cxx -Werror -Wdisabled-optimization
BEGIN /var/folders/t3/lsk7zc0926g7bd_2kv9d0pp80000gn/T//vpx-conf-54131-3002.cc
     1	int x;
END /var/folders/t3/lsk7zc0926g7bd_2kv9d0pp80000gn/T//vpx-conf-54131-3002.cc
g++ -isysroot /Applications/Xcode.app/Contents/Developer/Platforms/MacOSX.platform/Developer/SDKs/MacOSX10.12.sdk -mmacosx-version-min=10.12 -m64 -arch x86_64 -DNDEBUG -O3 -Wall -Wdeclaration-after-statement -Werror -Wdisabled-optimization -c -o /var/folders/t3/lsk7zc0926g7bd_2kv9d0pp80000gn/T//vpx-conf-54131-3002.o /var/folders/t3/lsk7zc0926g7bd_2kv9d0pp80000gn/T//vpx-conf-54131-3002.cc
check_cflags -Wdisabled-optimization
check_cc -Werror -Wdisabled-optimization
BEGIN /var/folders/t3/lsk7zc0926g7bd_2kv9d0pp80000gn/T//vpx-conf-54131-3002.c
     1	int x;
END /var/folders/t3/lsk7zc0926g7bd_2kv9d0pp80000gn/T//vpx-conf-54131-3002.c
gcc -isysroot /Applications/Xcode.app/Contents/Developer/Platforms/MacOSX.platform/Developer/SDKs/MacOSX10.12.sdk -mmacosx-version-min=10.12 -m64 -arch x86_64 -DNDEBUG -O3 -Wall -Wdeclaration-after-statement -Werror -Wdisabled-optimization -c -o /var/folders/t3/lsk7zc0926g7bd_2kv9d0pp80000gn/T//vpx-conf-54131-3002.o /var/folders/t3/lsk7zc0926g7bd_2kv9d0pp80000gn/T//vpx-conf-54131-3002.c
check_cxxflags -Wfloat-conversion
check_cxx -Werror -Wfloat-conversion
BEGIN /var/folders/t3/lsk7zc0926g7bd_2kv9d0pp80000gn/T//vpx-conf-54131-3002.cc
     1	int x;
END /var/folders/t3/lsk7zc0926g7bd_2kv9d0pp80000gn/T//vpx-conf-54131-3002.cc
g++ -isysroot /Applications/Xcode.app/Contents/Developer/Platforms/MacOSX.platform/Developer/SDKs/MacOSX10.12.sdk -mmacosx-version-min=10.12 -m64 -arch x86_64 -DNDEBUG -O3 -Wall -Wdeclaration-after-statement -Wdisabled-optimization -Werror -Wfloat-conversion -c -o /var/folders/t3/lsk7zc0926g7bd_2kv9d0pp80000gn/T//vpx-conf-54131-3002.o /var/folders/t3/lsk7zc0926g7bd_2kv9d0pp80000gn/T//vpx-conf-54131-3002.cc
check_cflags -Wfloat-conversion
check_cc -Werror -Wfloat-conversion
BEGIN /var/folders/t3/lsk7zc0926g7bd_2kv9d0pp80000gn/T//vpx-conf-54131-3002.c
     1	int x;
END /var/folders/t3/lsk7zc0926g7bd_2kv9d0pp80000gn/T//vpx-conf-54131-3002.c
gcc -isysroot /Applications/Xcode.app/Contents/Developer/Platforms/MacOSX.platform/Developer/SDKs/MacOSX10.12.sdk -mmacosx-version-min=10.12 -m64 -arch x86_64 -DNDEBUG -O3 -Wall -Wdeclaration-after-statement -Wdisabled-optimization -Werror -Wfloat-conversion -c -o /var/folders/t3/lsk7zc0926g7bd_2kv9d0pp80000gn/T//vpx-conf-54131-3002.o /var/folders/t3/lsk7zc0926g7bd_2kv9d0pp80000gn/T//vpx-conf-54131-3002.c
check_cxxflags -Wpointer-arith
check_cxx -Werror -Wpointer-arith
BEGIN /var/folders/t3/lsk7zc0926g7bd_2kv9d0pp80000gn/T//vpx-conf-54131-3002.cc
     1	int x;
END /var/folders/t3/lsk7zc0926g7bd_2kv9d0pp80000gn/T//vpx-conf-54131-3002.cc
g++ -isysroot /Applications/Xcode.app/Contents/Developer/Platforms/MacOSX.platform/Developer/SDKs/MacOSX10.12.sdk -mmacosx-version-min=10.12 -m64 -arch x86_64 -DNDEBUG -O3 -Wall -Wdeclaration-after-statement -Wdisabled-optimization -Wfloat-conversion -Werror -Wpointer-arith -c -o /var/folders/t3/lsk7zc0926g7bd_2kv9d0pp80000gn/T//vpx-conf-54131-3002.o /var/folders/t3/lsk7zc0926g7bd_2kv9d0pp80000gn/T//vpx-conf-54131-3002.cc
check_cflags -Wpointer-arith
check_cc -Werror -Wpointer-arith
BEGIN /var/folders/t3/lsk7zc0926g7bd_2kv9d0pp80000gn/T//vpx-conf-54131-3002.c
     1	int x;
END /var/folders/t3/lsk7zc0926g7bd_2kv9d0pp80000gn/T//vpx-conf-54131-3002.c
gcc -isysroot /Applications/Xcode.app/Contents/Developer/Platforms/MacOSX.platform/Developer/SDKs/MacOSX10.12.sdk -mmacosx-version-min=10.12 -m64 -arch x86_64 -DNDEBUG -O3 -Wall -Wdeclaration-after-statement -Wdisabled-optimization -Wfloat-conversion -Werror -Wpointer-arith -c -o /var/folders/t3/lsk7zc0926g7bd_2kv9d0pp80000gn/T//vpx-conf-54131-3002.o /var/folders/t3/lsk7zc0926g7bd_2kv9d0pp80000gn/T//vpx-conf-54131-3002.c
check_cxxflags -Wtype-limits
check_cxx -Werror -Wtype-limits
BEGIN /var/folders/t3/lsk7zc0926g7bd_2kv9d0pp80000gn/T//vpx-conf-54131-3002.cc
     1	int x;
END /var/folders/t3/lsk7zc0926g7bd_2kv9d0pp80000gn/T//vpx-conf-54131-3002.cc
g++ -isysroot /Applications/Xcode.app/Contents/Developer/Platforms/MacOSX.platform/Developer/SDKs/MacOSX10.12.sdk -mmacosx-version-min=10.12 -m64 -arch x86_64 -DNDEBUG -O3 -Wall -Wdeclaration-after-statement -Wdisabled-optimization -Wfloat-conversion -Wpointer-arith -Werror -Wtype-limits -c -o /var/folders/t3/lsk7zc0926g7bd_2kv9d0pp80000gn/T//vpx-conf-54131-3002.o /var/folders/t3/lsk7zc0926g7bd_2kv9d0pp80000gn/T//vpx-conf-54131-3002.cc
check_cflags -Wtype-limits
check_cc -Werror -Wtype-limits
BEGIN /var/folders/t3/lsk7zc0926g7bd_2kv9d0pp80000gn/T//vpx-conf-54131-3002.c
     1	int x;
END /var/folders/t3/lsk7zc0926g7bd_2kv9d0pp80000gn/T//vpx-conf-54131-3002.c
gcc -isysroot /Applications/Xcode.app/Contents/Developer/Platforms/MacOSX.platform/Developer/SDKs/MacOSX10.12.sdk -mmacosx-version-min=10.12 -m64 -arch x86_64 -DNDEBUG -O3 -Wall -Wdeclaration-after-statement -Wdisabled-optimization -Wfloat-conversion -Wpointer-arith -Werror -Wtype-limits -c -o /var/folders/t3/lsk7zc0926g7bd_2kv9d0pp80000gn/T//vpx-conf-54131-3002.o /var/folders/t3/lsk7zc0926g7bd_2kv9d0pp80000gn/T//vpx-conf-54131-3002.c
check_cxxflags -Wcast-qual
check_cxx -Werror -Wcast-qual
BEGIN /var/folders/t3/lsk7zc0926g7bd_2kv9d0pp80000gn/T//vpx-conf-54131-3002.cc
     1	int x;
END /var/folders/t3/lsk7zc0926g7bd_2kv9d0pp80000gn/T//vpx-conf-54131-3002.cc
g++ -isysroot /Applications/Xcode.app/Contents/Developer/Platforms/MacOSX.platform/Developer/SDKs/MacOSX10.12.sdk -mmacosx-version-min=10.12 -m64 -arch x86_64 -DNDEBUG -O3 -Wall -Wdeclaration-after-statement -Wdisabled-optimization -Wfloat-conversion -Wpointer-arith -Wtype-limits -Werror -Wcast-qual -c -o /var/folders/t3/lsk7zc0926g7bd_2kv9d0pp80000gn/T//vpx-conf-54131-3002.o /var/folders/t3/lsk7zc0926g7bd_2kv9d0pp80000gn/T//vpx-conf-54131-3002.cc
check_cflags -Wcast-qual
check_cc -Werror -Wcast-qual
BEGIN /var/folders/t3/lsk7zc0926g7bd_2kv9d0pp80000gn/T//vpx-conf-54131-3002.c
     1	int x;
END /var/folders/t3/lsk7zc0926g7bd_2kv9d0pp80000gn/T//vpx-conf-54131-3002.c
gcc -isysroot /Applications/Xcode.app/Contents/Developer/Platforms/MacOSX.platform/Developer/SDKs/MacOSX10.12.sdk -mmacosx-version-min=10.12 -m64 -arch x86_64 -DNDEBUG -O3 -Wall -Wdeclaration-after-statement -Wdisabled-optimization -Wfloat-conversion -Wpointer-arith -Wtype-limits -Werror -Wcast-qual -c -o /var/folders/t3/lsk7zc0926g7bd_2kv9d0pp80000gn/T//vpx-conf-54131-3002.o /var/folders/t3/lsk7zc0926g7bd_2kv9d0pp80000gn/T//vpx-conf-54131-3002.c
check_cxxflags -Wvla
check_cxx -Werror -Wvla
BEGIN /var/folders/t3/lsk7zc0926g7bd_2kv9d0pp80000gn/T//vpx-conf-54131-3002.cc
     1	int x;
END /var/folders/t3/lsk7zc0926g7bd_2kv9d0pp80000gn/T//vpx-conf-54131-3002.cc
g++ -isysroot /Applications/Xcode.app/Contents/Developer/Platforms/MacOSX.platform/Developer/SDKs/MacOSX10.12.sdk -mmacosx-version-min=10.12 -m64 -arch x86_64 -DNDEBUG -O3 -Wall -Wdeclaration-after-statement -Wdisabled-optimization -Wfloat-conversion -Wpointer-arith -Wtype-limits -Wcast-qual -Werror -Wvla -c -o /var/folders/t3/lsk7zc0926g7bd_2kv9d0pp80000gn/T//vpx-conf-54131-3002.o /var/folders/t3/lsk7zc0926g7bd_2kv9d0pp80000gn/T//vpx-conf-54131-3002.cc
check_cflags -Wvla
check_cc -Werror -Wvla
BEGIN /var/folders/t3/lsk7zc0926g7bd_2kv9d0pp80000gn/T//vpx-conf-54131-3002.c
     1	int x;
END /var/folders/t3/lsk7zc0926g7bd_2kv9d0pp80000gn/T//vpx-conf-54131-3002.c
gcc -isysroot /Applications/Xcode.app/Contents/Developer/Platforms/MacOSX.platform/Developer/SDKs/MacOSX10.12.sdk -mmacosx-version-min=10.12 -m64 -arch x86_64 -DNDEBUG -O3 -Wall -Wdeclaration-after-statement -Wdisabled-optimization -Wfloat-conversion -Wpointer-arith -Wtype-limits -Wcast-qual -Werror -Wvla -c -o /var/folders/t3/lsk7zc0926g7bd_2kv9d0pp80000gn/T//vpx-conf-54131-3002.o /var/folders/t3/lsk7zc0926g7bd_2kv9d0pp80000gn/T//vpx-conf-54131-3002.c
check_cxxflags -Wimplicit-function-declaration
check_cxx -Werror -Wimplicit-function-declaration
BEGIN /var/folders/t3/lsk7zc0926g7bd_2kv9d0pp80000gn/T//vpx-conf-54131-3002.cc
     1	int x;
END /var/folders/t3/lsk7zc0926g7bd_2kv9d0pp80000gn/T//vpx-conf-54131-3002.cc
g++ -isysroot /Applications/Xcode.app/Contents/Developer/Platforms/MacOSX.platform/Developer/SDKs/MacOSX10.12.sdk -mmacosx-version-min=10.12 -m64 -arch x86_64 -DNDEBUG -O3 -Wall -Wdeclaration-after-statement -Wdisabled-optimization -Wfloat-conversion -Wpointer-arith -Wtype-limits -Wcast-qual -Wvla -Werror -Wimplicit-function-declaration -c -o /var/folders/t3/lsk7zc0926g7bd_2kv9d0pp80000gn/T//vpx-conf-54131-3002.o /var/folders/t3/lsk7zc0926g7bd_2kv9d0pp80000gn/T//vpx-conf-54131-3002.cc
check_cflags -Wimplicit-function-declaration
check_cc -Werror -Wimplicit-function-declaration
BEGIN /var/folders/t3/lsk7zc0926g7bd_2kv9d0pp80000gn/T//vpx-conf-54131-3002.c
     1	int x;
END /var/folders/t3/lsk7zc0926g7bd_2kv9d0pp80000gn/T//vpx-conf-54131-3002.c
gcc -isysroot /Applications/Xcode.app/Contents/Developer/Platforms/MacOSX.platform/Developer/SDKs/MacOSX10.12.sdk -mmacosx-version-min=10.12 -m64 -arch x86_64 -DNDEBUG -O3 -Wall -Wdeclaration-after-statement -Wdisabled-optimization -Wfloat-conversion -Wpointer-arith -Wtype-limits -Wcast-qual -Wvla -Werror -Wimplicit-function-declaration -c -o /var/folders/t3/lsk7zc0926g7bd_2kv9d0pp80000gn/T//vpx-conf-54131-3002.o /var/folders/t3/lsk7zc0926g7bd_2kv9d0pp80000gn/T//vpx-conf-54131-3002.c
check_cxxflags -Wuninitialized
check_cxx -Werror -Wuninitialized
BEGIN /var/folders/t3/lsk7zc0926g7bd_2kv9d0pp80000gn/T//vpx-conf-54131-3002.cc
     1	int x;
END /var/folders/t3/lsk7zc0926g7bd_2kv9d0pp80000gn/T//vpx-conf-54131-3002.cc
g++ -isysroot /Applications/Xcode.app/Contents/Developer/Platforms/MacOSX.platform/Developer/SDKs/MacOSX10.12.sdk -mmacosx-version-min=10.12 -m64 -arch x86_64 -DNDEBUG -O3 -Wall -Wdeclaration-after-statement -Wdisabled-optimization -Wfloat-conversion -Wpointer-arith -Wtype-limits -Wcast-qual -Wvla -Wimplicit-function-declaration -Werror -Wuninitialized -c -o /var/folders/t3/lsk7zc0926g7bd_2kv9d0pp80000gn/T//vpx-conf-54131-3002.o /var/folders/t3/lsk7zc0926g7bd_2kv9d0pp80000gn/T//vpx-conf-54131-3002.cc
check_cflags -Wuninitialized
check_cc -Werror -Wuninitialized
BEGIN /var/folders/t3/lsk7zc0926g7bd_2kv9d0pp80000gn/T//vpx-conf-54131-3002.c
     1	int x;
END /var/folders/t3/lsk7zc0926g7bd_2kv9d0pp80000gn/T//vpx-conf-54131-3002.c
gcc -isysroot /Applications/Xcode.app/Contents/Developer/Platforms/MacOSX.platform/Developer/SDKs/MacOSX10.12.sdk -mmacosx-version-min=10.12 -m64 -arch x86_64 -DNDEBUG -O3 -Wall -Wdeclaration-after-statement -Wdisabled-optimization -Wfloat-conversion -Wpointer-arith -Wtype-limits -Wcast-qual -Wvla -Wimplicit-function-declaration -Werror -Wuninitialized -c -o /var/folders/t3/lsk7zc0926g7bd_2kv9d0pp80000gn/T//vpx-conf-54131-3002.o /var/folders/t3/lsk7zc0926g7bd_2kv9d0pp80000gn/T//vpx-conf-54131-3002.c
check_cxxflags -Wunused
check_cxx -Werror -Wunused
BEGIN /var/folders/t3/lsk7zc0926g7bd_2kv9d0pp80000gn/T//vpx-conf-54131-3002.cc
     1	int x;
END /var/folders/t3/lsk7zc0926g7bd_2kv9d0pp80000gn/T//vpx-conf-54131-3002.cc
g++ -isysroot /Applications/Xcode.app/Contents/Developer/Platforms/MacOSX.platform/Developer/SDKs/MacOSX10.12.sdk -mmacosx-version-min=10.12 -m64 -arch x86_64 -DNDEBUG -O3 -Wall -Wdeclaration-after-statement -Wdisabled-optimization -Wfloat-conversion -Wpointer-arith -Wtype-limits -Wcast-qual -Wvla -Wimplicit-function-declaration -Wuninitialized -Werror -Wunused -c -o /var/folders/t3/lsk7zc0926g7bd_2kv9d0pp80000gn/T//vpx-conf-54131-3002.o /var/folders/t3/lsk7zc0926g7bd_2kv9d0pp80000gn/T//vpx-conf-54131-3002.cc
check_cflags -Wunused
check_cc -Werror -Wunused
BEGIN /var/folders/t3/lsk7zc0926g7bd_2kv9d0pp80000gn/T//vpx-conf-54131-3002.c
     1	int x;
END /var/folders/t3/lsk7zc0926g7bd_2kv9d0pp80000gn/T//vpx-conf-54131-3002.c
gcc -isysroot /Applications/Xcode.app/Contents/Developer/Platforms/MacOSX.platform/Developer/SDKs/MacOSX10.12.sdk -mmacosx-version-min=10.12 -m64 -arch x86_64 -DNDEBUG -O3 -Wall -Wdeclaration-after-statement -Wdisabled-optimization -Wfloat-conversion -Wpointer-arith -Wtype-limits -Wcast-qual -Wvla -Wimplicit-function-declaration -Wuninitialized -Werror -Wunused -c -o /var/folders/t3/lsk7zc0926g7bd_2kv9d0pp80000gn/T//vpx-conf-54131-3002.o /var/folders/t3/lsk7zc0926g7bd_2kv9d0pp80000gn/T//vpx-conf-54131-3002.c
check_cxxflags -Wextra
check_cxx -Werror -Wextra
BEGIN /var/folders/t3/lsk7zc0926g7bd_2kv9d0pp80000gn/T//vpx-conf-54131-3002.cc
     1	int x;
END /var/folders/t3/lsk7zc0926g7bd_2kv9d0pp80000gn/T//vpx-conf-54131-3002.cc
g++ -isysroot /Applications/Xcode.app/Contents/Developer/Platforms/MacOSX.platform/Developer/SDKs/MacOSX10.12.sdk -mmacosx-version-min=10.12 -m64 -arch x86_64 -DNDEBUG -O3 -Wall -Wdeclaration-after-statement -Wdisabled-optimization -Wfloat-conversion -Wpointer-arith -Wtype-limits -Wcast-qual -Wvla -Wimplicit-function-declaration -Wuninitialized -Wunused -Werror -Wextra -c -o /var/folders/t3/lsk7zc0926g7bd_2kv9d0pp80000gn/T//vpx-conf-54131-3002.o /var/folders/t3/lsk7zc0926g7bd_2kv9d0pp80000gn/T//vpx-conf-54131-3002.cc
check_cflags -Wextra
check_cc -Werror -Wextra
BEGIN /var/folders/t3/lsk7zc0926g7bd_2kv9d0pp80000gn/T//vpx-conf-54131-3002.c
     1	int x;
END /var/folders/t3/lsk7zc0926g7bd_2kv9d0pp80000gn/T//vpx-conf-54131-3002.c
gcc -isysroot /Applications/Xcode.app/Contents/Developer/Platforms/MacOSX.platform/Developer/SDKs/MacOSX10.12.sdk -mmacosx-version-min=10.12 -m64 -arch x86_64 -DNDEBUG -O3 -Wall -Wdeclaration-after-statement -Wdisabled-optimization -Wfloat-conversion -Wpointer-arith -Wtype-limits -Wcast-qual -Wvla -Wimplicit-function-declaration -Wuninitialized -Wunused -Werror -Wextra -c -o /var/folders/t3/lsk7zc0926g7bd_2kv9d0pp80000gn/T//vpx-conf-54131-3002.o /var/folders/t3/lsk7zc0926g7bd_2kv9d0pp80000gn/T//vpx-conf-54131-3002.c
check_cflags -Wundef
check_cc -Werror -Wundef
BEGIN /var/folders/t3/lsk7zc0926g7bd_2kv9d0pp80000gn/T//vpx-conf-54131-3002.c
     1	int x;
END /var/folders/t3/lsk7zc0926g7bd_2kv9d0pp80000gn/T//vpx-conf-54131-3002.c
gcc -isysroot /Applications/Xcode.app/Contents/Developer/Platforms/MacOSX.platform/Developer/SDKs/MacOSX10.12.sdk -mmacosx-version-min=10.12 -m64 -arch x86_64 -DNDEBUG -O3 -Wall -Wdeclaration-after-statement -Wdisabled-optimization -Wfloat-conversion -Wpointer-arith -Wtype-limits -Wcast-qual -Wvla -Wimplicit-function-declaration -Wuninitialized -Wunused -Wextra -Werror -Wundef -c -o /var/folders/t3/lsk7zc0926g7bd_2kv9d0pp80000gn/T//vpx-conf-54131-3002.o /var/folders/t3/lsk7zc0926g7bd_2kv9d0pp80000gn/T//vpx-conf-54131-3002.c
check_cflags -Wshorten-64-to-32
check_cc -Werror -Wshorten-64-to-32
BEGIN /var/folders/t3/lsk7zc0926g7bd_2kv9d0pp80000gn/T//vpx-conf-54131-3002.c
     1	int x;
END /var/folders/t3/lsk7zc0926g7bd_2kv9d0pp80000gn/T//vpx-conf-54131-3002.c
gcc -isysroot /Applications/Xcode.app/Contents/Developer/Platforms/MacOSX.platform/Developer/SDKs/MacOSX10.12.sdk -mmacosx-version-min=10.12 -m64 -arch x86_64 -DNDEBUG -O3 -Wall -Wdeclaration-after-statement -Wdisabled-optimization -Wfloat-conversion -Wpointer-arith -Wtype-limits -Wcast-qual -Wvla -Wimplicit-function-declaration -Wuninitialized -Wunused -Wextra -Wundef -Werror -Wshorten-64-to-32 -c -o /var/folders/t3/lsk7zc0926g7bd_2kv9d0pp80000gn/T//vpx-conf-54131-3002.o /var/folders/t3/lsk7zc0926g7bd_2kv9d0pp80000gn/T//vpx-conf-54131-3002.c
  enabling postproc
check_cxx
BEGIN /var/folders/t3/lsk7zc0926g7bd_2kv9d0pp80000gn/T//vpx-conf-54131-3002.cc
     1	int z;
END /var/folders/t3/lsk7zc0926g7bd_2kv9d0pp80000gn/T//vpx-conf-54131-3002.cc
g++ -isysroot /Applications/Xcode.app/Contents/Developer/Platforms/MacOSX.platform/Developer/SDKs/MacOSX10.12.sdk -mmacosx-version-min=10.12 -m64 -arch x86_64 -DNDEBUG -O3 -Wall -Wdeclaration-after-statement -Wdisabled-optimization -Wfloat-conversion -Wpointer-arith -Wtype-limits -Wcast-qual -Wvla -Wimplicit-function-declaration -Wuninitialized -Wunused -Wextra -c -o /var/folders/t3/lsk7zc0926g7bd_2kv9d0pp80000gn/T//vpx-conf-54131-3002.o /var/folders/t3/lsk7zc0926g7bd_2kv9d0pp80000gn/T//vpx-conf-54131-3002.cc
  enabling unit_tests
check_cxx
BEGIN /var/folders/t3/lsk7zc0926g7bd_2kv9d0pp80000gn/T//vpx-conf-54131-3002.cc
     1	int z;
END /var/folders/t3/lsk7zc0926g7bd_2kv9d0pp80000gn/T//vpx-conf-54131-3002.cc
g++ -isysroot /Applications/Xcode.app/Contents/Developer/Platforms/MacOSX.platform/Developer/SDKs/MacOSX10.12.sdk -mmacosx-version-min=10.12 -m64 -arch x86_64 -DNDEBUG -O3 -Wall -Wdeclaration-after-statement -Wdisabled-optimization -Wfloat-conversion -Wpointer-arith -Wtype-limits -Wcast-qual -Wvla -Wimplicit-function-declaration -Wuninitialized -Wunused -Wextra -c -o /var/folders/t3/lsk7zc0926g7bd_2kv9d0pp80000gn/T//vpx-conf-54131-3002.o /var/folders/t3/lsk7zc0926g7bd_2kv9d0pp80000gn/T//vpx-conf-54131-3002.cc
  enabling webm_io
check_cxx
BEGIN /var/folders/t3/lsk7zc0926g7bd_2kv9d0pp80000gn/T//vpx-conf-54131-3002.cc
     1	int z;
END /var/folders/t3/lsk7zc0926g7bd_2kv9d0pp80000gn/T//vpx-conf-54131-3002.cc
g++ -isysroot /Applications/Xcode.app/Contents/Developer/Platforms/MacOSX.platform/Developer/SDKs/MacOSX10.12.sdk -mmacosx-version-min=10.12 -m64 -arch x86_64 -DNDEBUG -O3 -Wall -Wdeclaration-after-statement -Wdisabled-optimization -Wfloat-conversion -Wpointer-arith -Wtype-limits -Wcast-qual -Wvla -Wimplicit-function-declaration -Wuninitialized -Wunused -Wextra -c -o /var/folders/t3/lsk7zc0926g7bd_2kv9d0pp80000gn/T//vpx-conf-54131-3002.o /var/folders/t3/lsk7zc0926g7bd_2kv9d0pp80000gn/T//vpx-conf-54131-3002.cc
  enabling libyuv
check_header stdio.h
check_cpp
BEGIN /var/folders/t3/lsk7zc0926g7bd_2kv9d0pp80000gn/T//vpx-conf-54131-3002.c
     1	#include "stdio.h"
     2	int x;
END /var/folders/t3/lsk7zc0926g7bd_2kv9d0pp80000gn/T//vpx-conf-54131-3002.c
gcc -isysroot /Applications/Xcode.app/Contents/Developer/Platforms/MacOSX.platform/Developer/SDKs/MacOSX10.12.sdk -mmacosx-version-min=10.12 -m64 -arch x86_64 -DNDEBUG -O3 -Wall -Wdeclaration-after-statement -Wdisabled-optimization -Wfloat-conversion -Wpointer-arith -Wtype-limits -Wcast-qual -Wvla -Wimplicit-function-declaration -Wuninitialized -Wunused -Wextra -Wundef -Wshorten-64-to-32 -E -o /var/folders/t3/lsk7zc0926g7bd_2kv9d0pp80000gn/T//vpx-conf-54131-3002.o /var/folders/t3/lsk7zc0926g7bd_2kv9d0pp80000gn/T//vpx-conf-54131-3002.c
check_ld
check_cc
BEGIN /var/folders/t3/lsk7zc0926g7bd_2kv9d0pp80000gn/T//vpx-conf-54131-3002.c
     1	int main(void) {return 0;}
END /var/folders/t3/lsk7zc0926g7bd_2kv9d0pp80000gn/T//vpx-conf-54131-3002.c
gcc -isysroot /Applications/Xcode.app/Contents/Developer/Platforms/MacOSX.platform/Developer/SDKs/MacOSX10.12.sdk -mmacosx-version-min=10.12 -m64 -arch x86_64 -DNDEBUG -O3 -Wall -Wdeclaration-after-statement -Wdisabled-optimization -Wfloat-conversion -Wpointer-arith -Wtype-limits -Wcast-qual -Wvla -Wimplicit-function-declaration -Wuninitialized -Wunused -Wextra -Wundef -Wshorten-64-to-32 -c -o /var/folders/t3/lsk7zc0926g7bd_2kv9d0pp80000gn/T//vpx-conf-54131-3002.o /var/folders/t3/lsk7zc0926g7bd_2kv9d0pp80000gn/T//vpx-conf-54131-3002.c
g++ -isysroot /Applications/Xcode.app/Contents/Developer/Platforms/MacOSX.platform/Developer/SDKs/MacOSX10.12.sdk -mmacosx-version-min=10.12 -m64 -arch x86_64 -o /var/folders/t3/lsk7zc0926g7bd_2kv9d0pp80000gn/T//vpx-conf-54131-3002.x /var/folders/t3/lsk7zc0926g7bd_2kv9d0pp80000gn/T//vpx-conf-54131-3002.o -lpthread
check_header pthread.h
check_cpp
BEGIN /var/folders/t3/lsk7zc0926g7bd_2kv9d0pp80000gn/T//vpx-conf-54131-3002.c
     1	#include "pthread.h"
     2	int x;
END /var/folders/t3/lsk7zc0926g7bd_2kv9d0pp80000gn/T//vpx-conf-54131-3002.c
gcc -isysroot /Applications/Xcode.app/Contents/Developer/Platforms/MacOSX.platform/Developer/SDKs/MacOSX10.12.sdk -mmacosx-version-min=10.12 -m64 -arch x86_64 -DNDEBUG -O3 -Wall -Wdeclaration-after-statement -Wdisabled-optimization -Wfloat-conversion -Wpointer-arith -Wtype-limits -Wcast-qual -Wvla -Wimplicit-function-declaration -Wuninitialized -Wunused -Wextra -Wundef -Wshorten-64-to-32 -E -o /var/folders/t3/lsk7zc0926g7bd_2kv9d0pp80000gn/T//vpx-conf-54131-3002.o /var/folders/t3/lsk7zc0926g7bd_2kv9d0pp80000gn/T//vpx-conf-54131-3002.c
check_header unistd.h
check_cpp
BEGIN /var/folders/t3/lsk7zc0926g7bd_2kv9d0pp80000gn/T//vpx-conf-54131-3002.c
     1	#include "unistd.h"
     2	int x;
END /var/folders/t3/lsk7zc0926g7bd_2kv9d0pp80000gn/T//vpx-conf-54131-3002.c
gcc -isysroot /Applications/Xcode.app/Contents/Developer/Platforms/MacOSX.platform/Developer/SDKs/MacOSX10.12.sdk -mmacosx-version-min=10.12 -m64 -arch x86_64 -DNDEBUG -O3 -Wall -Wdeclaration-after-statement -Wdisabled-optimization -Wfloat-conversion -Wpointer-arith -Wtype-limits -Wcast-qual -Wvla -Wimplicit-function-declaration -Wuninitialized -Wunused -Wextra -Wundef -Wshorten-64-to-32 -E -o /var/folders/t3/lsk7zc0926g7bd_2kv9d0pp80000gn/T//vpx-conf-54131-3002.o /var/folders/t3/lsk7zc0926g7bd_2kv9d0pp80000gn/T//vpx-conf-54131-3002.c
check_header vpx/vpx_integer.h -I..
check_cpp -I..
BEGIN /var/folders/t3/lsk7zc0926g7bd_2kv9d0pp80000gn/T//vpx-conf-54131-3002.c
     1	#include "vpx/vpx_integer.h"
     2	int x;
END /var/folders/t3/lsk7zc0926g7bd_2kv9d0pp80000gn/T//vpx-conf-54131-3002.c
gcc -isysroot /Applications/Xcode.app/Contents/Developer/Platforms/MacOSX.platform/Developer/SDKs/MacOSX10.12.sdk -mmacosx-version-min=10.12 -m64 -arch x86_64 -DNDEBUG -O3 -Wall -Wdeclaration-after-statement -Wdisabled-optimization -Wfloat-conversion -Wpointer-arith -Wtype-limits -Wcast-qual -Wvla -Wimplicit-function-declaration -Wuninitialized -Wunused -Wextra -Wundef -Wshorten-64-to-32 -I.. -E -o /var/folders/t3/lsk7zc0926g7bd_2kv9d0pp80000gn/T//vpx-conf-54131-3002.o /var/folders/t3/lsk7zc0926g7bd_2kv9d0pp80000gn/T//vpx-conf-54131-3002.c
