This file contains any messages produced by compilers while
running configure, to aid debugging if configure makes a mistake.

It was created by libvorbis configure 1.3.5, which was
generated by GNU Autoconf 2.69.  Invocation command line was

  $ ./configure --with-ogg-libraries=/usr/local/lib/libogg.a/ --with-ogg-includes=/usr/local/include/ogg

## --------- ##
## Platform. ##
## --------- ##

hostname = tranvanloc
uname -m = x86_64
uname -r = 16.4.0
uname -s = Darwin
uname -v = Darwin Kernel Version 16.4.0: Thu Dec 22 22:53:21 PST 2016; root:xnu-3789.41.3~3/RELEASE_X86_64

/usr/bin/uname -p = i386
/bin/uname -X     = unknown

/bin/arch              = unknown
/usr/bin/arch -k       = unknown
/usr/convex/getsysinfo = unknown
/usr/bin/hostinfo      = Mach kernel version:
	 Darwin Kernel Version 16.4.0: Thu Dec 22 22:53:21 PST 2016; root:xnu-3789.41.3~3/RELEASE_X86_64
Kernel configured for up to 4 processors.
2 processors are physically available.
4 processors are logically available.
Processor type: x86_64h (Intel x86-64h Haswell)
Processors active: 0 1 2 3
Primary memory available: 8.00 gigabytes
Default processor set: 315 tasks, 1369 threads, 4 processors
Load average: 1.90, Mach factor: 2.09
/bin/machine           = unknown
/usr/bin/oslevel       = unknown
/bin/universe          = unknown

PATH: /usr/local/sbin
PATH: /Users/xuanloctn/Documents/Backup/chromium/src/depot_tools
PATH: /opt/local/bin
PATH: /opt/local/sbin
PATH: /usr/local/bin
PATH: /usr/bin
PATH: /bin
PATH: /usr/sbin
PATH: /sbin
PATH: /Library/Frameworks/Mono.framework/Versions/Current/Commands


## ----------- ##
## Core tests. ##
## ----------- ##

configure:2365: checking build system type
configure:2379: result: x86_64-apple-darwin16.4.0
configure:2399: checking host system type
configure:2412: result: x86_64-apple-darwin16.4.0
configure:2432: checking target system type
configure:2445: result: x86_64-apple-darwin16.4.0
configure:2488: checking for a BSD-compatible install
configure:2556: result: /usr/bin/install -c
configure:2567: checking whether build environment is sane
configure:2622: result: yes
configure:2773: checking for a thread-safe mkdir -p
configure:2812: result: ./install-sh -c -d
configure:2819: checking for gawk
configure:2849: result: no
configure:2819: checking for mawk
configure:2849: result: no
configure:2819: checking for nawk
configure:2849: result: no
configure:2819: checking for awk
configure:2835: found /usr/bin/awk
configure:2846: result: awk
configure:2857: checking whether make sets $(MAKE)
configure:2879: result: yes
configure:2908: checking whether make supports nested variables
configure:2925: result: yes
configure:3052: checking whether to enable maintainer-specific portions of Makefiles
configure:3061: result: no
configure:3151: checking for gcc
configure:3167: found /usr/bin/gcc
configure:3178: result: gcc
configure:3407: checking for C compiler version
configure:3416: gcc --version >&5
Apple LLVM version 8.0.0 (clang-800.0.42.1)
Target: x86_64-apple-darwin16.4.0
Thread model: posix
InstalledDir: /Applications/Xcode.app/Contents/Developer/Toolchains/XcodeDefault.xctoolchain/usr/bin
Configured with: --prefix=/Applications/Xcode.app/Contents/Developer/usr --with-gxx-include-dir=/usr/include/c++/4.2.1
configure:3427: $? = 0
configure:3416: gcc -v >&5
Configured with: --prefix=/Applications/Xcode.app/Contents/Developer/usr --with-gxx-include-dir=/usr/include/c++/4.2.1
Apple LLVM version 8.0.0 (clang-800.0.42.1)
Target: x86_64-apple-darwin16.4.0
Thread model: posix
InstalledDir: /Applications/Xcode.app/Contents/Developer/Toolchains/XcodeDefault.xctoolchain/usr/bin
configure:3427: $? = 0
configure:3416: gcc -V >&5
clang: error: argument to '-V' is missing (expected 1 value)
clang: error: no input files
configure:3427: $? = 1
configure:3416: gcc -qversion >&5
clang: error: unknown argument: '-qversion'
clang: error: no input files
configure:3427: $? = 1
configure:3447: checking whether the C compiler works
configure:3469: gcc    conftest.c  >&5
configure:3473: $? = 0
configure:3521: result: yes
configure:3524: checking for C compiler default output file name
configure:3526: result: a.out
configure:3532: checking for suffix of executables
configure:3539: gcc -o conftest    conftest.c  >&5
configure:3543: $? = 0
configure:3565: result: 
configure:3587: checking whether we are cross compiling
configure:3595: gcc -o conftest    conftest.c  >&5
configure:3599: $? = 0
configure:3606: ./conftest
configure:3610: $? = 0
configure:3625: result: no
configure:3630: checking for suffix of object files
configure:3652: gcc -c   conftest.c >&5
configure:3656: $? = 0
configure:3677: result: o
configure:3681: checking whether we are using the GNU C compiler
configure:3700: gcc -c   conftest.c >&5
configure:3700: $? = 0
configure:3709: result: yes
configure:3718: checking whether gcc accepts -g
configure:3738: gcc -c -g  conftest.c >&5
configure:3738: $? = 0
configure:3779: result: yes
configure:3796: checking for gcc option to accept ISO C89
configure:3859: gcc  -c -g -O2  conftest.c >&5
configure:3859: $? = 0
configure:3872: result: none needed
configure:3897: checking whether gcc understands -c and -o together
configure:3919: gcc -c conftest.c -o conftest2.o
configure:3922: $? = 0
configure:3919: gcc -c conftest.c -o conftest2.o
configure:3922: $? = 0
configure:3934: result: yes
configure:3962: checking for style of include used by make
configure:3990: result: GNU
configure:4016: checking dependency style of gcc
configure:4127: result: gcc3
configure:4147: checking how to run the C preprocessor
configure:4178: gcc -E  conftest.c
configure:4178: $? = 0
configure:4192: gcc -E  conftest.c
conftest.c:11:10: fatal error: 'ac_nonexistent.h' file not found
#include <ac_nonexistent.h>
         ^
1 error generated.
configure:4192: $? = 1
configure: failed program was:
| /* confdefs.h */
| #define PACKAGE_NAME "libvorbis"
| #define PACKAGE_TARNAME "libvorbis"
| #define PACKAGE_VERSION "1.3.5"
| #define PACKAGE_STRING "libvorbis 1.3.5"
| #define PACKAGE_BUGREPORT "vorbis-dev@xiph.org"
| #define PACKAGE_URL ""
| #define PACKAGE "libvorbis"
| #define VERSION "1.3.5"
| /* end confdefs.h.  */
| #include <ac_nonexistent.h>
configure:4217: result: gcc -E
configure:4237: gcc -E  conftest.c
configure:4237: $? = 0
configure:4251: gcc -E  conftest.c
conftest.c:11:10: fatal error: 'ac_nonexistent.h' file not found
#include <ac_nonexistent.h>
         ^
1 error generated.
configure:4251: $? = 1
configure: failed program was:
| /* confdefs.h */
| #define PACKAGE_NAME "libvorbis"
| #define PACKAGE_TARNAME "libvorbis"
| #define PACKAGE_VERSION "1.3.5"
| #define PACKAGE_STRING "libvorbis 1.3.5"
| #define PACKAGE_BUGREPORT "vorbis-dev@xiph.org"
| #define PACKAGE_URL ""
| #define PACKAGE "libvorbis"
| #define VERSION "1.3.5"
| /* end confdefs.h.  */
| #include <ac_nonexistent.h>
configure:4282: checking for inline
configure:4298: gcc -c   conftest.c >&5
configure:4298: $? = 0
configure:4306: result: inline
configure:4674: checking how to print strings
configure:4701: result: printf
configure:4722: checking for a sed that does not truncate output
configure:4786: result: /usr/bin/sed
configure:4804: checking for grep that handles long lines and -e
configure:4862: result: /usr/bin/grep
configure:4867: checking for egrep
configure:4929: result: /usr/bin/grep -E
configure:4934: checking for fgrep
configure:4996: result: /usr/bin/grep -F
configure:5031: checking for ld used by gcc
configure:5098: result: /Applications/Xcode.app/Contents/Developer/Toolchains/XcodeDefault.xctoolchain/usr/bin/ld
configure:5105: checking if the linker (/Applications/Xcode.app/Contents/Developer/Toolchains/XcodeDefault.xctoolchain/usr/bin/ld) is GNU ld
configure:5120: result: no
configure:5132: checking for BSD- or MS-compatible name lister (nm)
configure:5186: result: /usr/bin/nm -B
configure:5316: checking the name lister (/usr/bin/nm -B) interface
configure:5323: gcc -c   conftest.c >&5
configure:5326: /usr/bin/nm -B "conftest.o"
configure:5329: output
0000000000000000 S _some_variable
configure:5336: result: BSD nm
configure:5339: checking whether ln -s works
configure:5343: result: yes
configure:5351: checking the maximum length of command line arguments
configure:5482: result: 196608
configure:5530: checking how to convert x86_64-apple-darwin16.4.0 file names to x86_64-apple-darwin16.4.0 format
configure:5570: result: func_convert_file_noop
configure:5577: checking how to convert x86_64-apple-darwin16.4.0 file names to toolchain format
configure:5597: result: func_convert_file_noop
configure:5604: checking for /Applications/Xcode.app/Contents/Developer/Toolchains/XcodeDefault.xctoolchain/usr/bin/ld option to reload object files
configure:5611: result: -r
configure:5685: checking for objdump
configure:5712: result: objdump
configure:5741: checking how to recognize dependent libraries
configure:5941: result: pass_all
configure:6026: checking for dlltool
configure:6053: result: dlltool
configure:6083: checking how to associate runtime and link libraries
configure:6110: result: printf %s\n
configure:6170: checking for ar
configure:6186: found /usr/bin/ar
configure:6197: result: ar
configure:6234: checking for archiver @FILE support
configure:6251: gcc -c   conftest.c >&5
configure:6251: $? = 0
configure:6254: ar cru libconftest.a @conftest.lst >&5
ar: @conftest.lst: No such file or directory
configure:6257: $? = 1
configure:6277: result: no
configure:6335: checking for strip
configure:6351: found /usr/bin/strip
configure:6362: result: strip
configure:6434: checking for ranlib
configure:6450: found /usr/bin/ranlib
configure:6461: result: ranlib
configure:6563: checking command to parse /usr/bin/nm -B output from gcc object
configure:6716: gcc -c   conftest.c >&5
configure:6719: $? = 0
configure:6723: /usr/bin/nm -B conftest.o \| sed -n -e 's/^.*[ ]\([BCDEGRST][BCDEGRST]*\)[ ][ ]*\([_A-Za-z][_A-Za-z0-9]*\)$/\1 \2 \2/p' | sed '/ __gnu_lto/d' \> conftest.nm
configure:6726: $? = 0
cannot find nm_test_var in conftest.nm
configure:6716: gcc -c   conftest.c >&5
configure:6719: $? = 0
configure:6723: /usr/bin/nm -B conftest.o \| sed -n -e 's/^.*[ ]\([BCDEGRST][BCDEGRST]*\)[ ][ ]*_\([_A-Za-z][_A-Za-z0-9]*\)$/\1 _\2 \2/p' | sed '/ __gnu_lto/d' \> conftest.nm
configure:6726: $? = 0
configure:6792: gcc -o conftest    conftest.c conftstm.o >&5
configure:6795: $? = 0
configure:6833: result: ok
configure:6880: checking for sysroot
configure:6910: result: no
configure:6917: checking for a working dd
configure:6955: result: /bin/dd
configure:6959: checking how to truncate binary pipes
configure:6974: result: /bin/dd bs=4096 count=1
configure:7303: checking for mt
configure:7333: result: no
configure:7353: checking if : is a manifest tool
configure:7359: : '-?'
configure:7367: result: no
configure:7423: checking for dsymutil
configure:7439: found /usr/bin/dsymutil
configure:7450: result: dsymutil
configure:7515: checking for nmedit
configure:7531: found /usr/bin/nmedit
configure:7542: result: nmedit
configure:7607: checking for lipo
configure:7623: found /usr/bin/lipo
configure:7634: result: lipo
configure:7699: checking for otool
configure:7715: found /usr/bin/otool
configure:7726: result: otool
configure:7791: checking for otool64
configure:7821: result: no
configure:7866: checking for -single_module linker flag
gcc   -o libconftest.dylib -dynamiclib -Wl,-single_module conftest.c
configure:7899: result: yes
configure:7902: checking for -exported_symbols_list linker flag
configure:7922: gcc -o conftest    -Wl,-exported_symbols_list,conftest.sym conftest.c  >&5
configure:7922: $? = 0
configure:7932: result: yes
configure:7935: checking for -force_load linker flag
gcc  -c -o conftest.o conftest.c
ar cru libconftest.a conftest.o
ranlib libconftest.a
gcc   -o conftest conftest.c -Wl,-force_load,./libconftest.a
configure:7967: result: yes
configure:8040: checking for ANSI C header files
configure:8060: gcc -c   conftest.c >&5
configure:8060: $? = 0
configure:8133: gcc -o conftest    conftest.c  >&5
configure:8133: $? = 0
configure:8133: ./conftest
configure:8133: $? = 0
configure:8144: result: yes
configure:8157: checking for sys/types.h
configure:8157: gcc -c   conftest.c >&5
configure:8157: $? = 0
configure:8157: result: yes
configure:8157: checking for sys/stat.h
configure:8157: gcc -c   conftest.c >&5
configure:8157: $? = 0
configure:8157: result: yes
configure:8157: checking for stdlib.h
configure:8157: gcc -c   conftest.c >&5
configure:8157: $? = 0
configure:8157: result: yes
configure:8157: checking for string.h
configure:8157: gcc -c   conftest.c >&5
configure:8157: $? = 0
configure:8157: result: yes
configure:8157: checking for memory.h
configure:8157: gcc -c   conftest.c >&5
configure:8157: $? = 0
configure:8157: result: yes
configure:8157: checking for strings.h
configure:8157: gcc -c   conftest.c >&5
configure:8157: $? = 0
configure:8157: result: yes
configure:8157: checking for inttypes.h
configure:8157: gcc -c   conftest.c >&5
configure:8157: $? = 0
configure:8157: result: yes
configure:8157: checking for stdint.h
configure:8157: gcc -c   conftest.c >&5
configure:8157: $? = 0
configure:8157: result: yes
configure:8157: checking for unistd.h
configure:8157: gcc -c   conftest.c >&5
configure:8157: $? = 0
configure:8157: result: yes
configure:8171: checking for dlfcn.h
configure:8171: gcc -c   conftest.c >&5
configure:8171: $? = 0
configure:8171: result: yes
configure:8425: checking for objdir
configure:8440: result: .libs
configure:8700: checking if gcc supports -fno-rtti -fno-exceptions
configure:8718: gcc -c   -fno-rtti -fno-exceptions conftest.c >&5
configure:8722: $? = 0
configure:8735: result: yes
configure:9093: checking for gcc option to produce PIC
configure:9100: result: -fno-common -DPIC
configure:9108: checking if gcc PIC flag -fno-common -DPIC works
configure:9126: gcc -c   -fno-common -DPIC -DPIC conftest.c >&5
configure:9130: $? = 0
configure:9143: result: yes
configure:9172: checking if gcc static flag -static works
configure:9200: result: no
configure:9215: checking if gcc supports -c -o file.o
configure:9236: gcc -c   -o out/conftest2.o conftest.c >&5
configure:9240: $? = 0
configure:9262: result: yes
configure:9270: checking if gcc supports -c -o file.o
configure:9317: result: yes
configure:9350: checking whether the gcc linker (/Applications/Xcode.app/Contents/Developer/Toolchains/XcodeDefault.xctoolchain/usr/bin/ld) supports shared libraries
configure:10609: result: yes
configure:10849: checking dynamic linker characteristics
configure:11667: result: darwin16.4.0 dyld
configure:11789: checking how to hardcode library paths into programs
configure:11814: result: immediate
configure:12362: checking whether stripping libraries is possible
configure:12376: result: yes
configure:12402: checking if libtool supports shared libraries
configure:12404: result: yes
configure:12407: checking whether to build shared libraries
configure:12432: result: yes
configure:12435: checking whether to build static libraries
configure:12439: result: yes
configure:12680: checking GCC version
configure:12683: result: 4.2.1
configure:12824: checking if gcc accepts -Wdeclaration-after-statement
configure:12839: gcc -o conftest -DDARWIN -fno-common -force_cpusubtype_ALL -Wall -g -O3 -ffast-math -fsigned-char -Wdeclaration-after-statement   conftest.c  >&5
configure:12839: $? = 0
configure:12840: result: yes
configure:12854: checking for memory.h
configure:12854: result: yes
configure:12866: checking for cos in -lm
configure:12891: gcc -o conftest -DDARWIN -fno-common -force_cpusubtype_ALL -Wall -g -O3 -ffast-math -fsigned-char -Wdeclaration-after-statement  -DUSE_MEMORY_H   conftest.c -lm   >&5
conftest.c:30:6: warning: incompatible redeclaration of library function 'cos' [-Wincompatible-library-redeclaration]
char cos ();
     ^
conftest.c:30:6: note: 'cos' is a builtin with type 'double (double)'
1 warning generated.
configure:12891: $? = 0
configure:12900: result: yes
configure:12908: checking for pthread_create in -lpthread
configure:12933: gcc -o conftest -DDARWIN -fno-common -force_cpusubtype_ALL -Wall -g -O3 -ffast-math -fsigned-char -Wdeclaration-after-statement  -DUSE_MEMORY_H   conftest.c -lpthread   >&5
configure:12933: $? = 0
configure:12942: result: yes
configure:13000: checking for pkg-config
configure:13018: found /usr/local/bin/pkg-config
configure:13030: result: /usr/local/bin/pkg-config
configure:13055: checking pkg-config is at least version 0.9.0
configure:13058: result: yes
configure:13073: checking for OGG
configure:13081: $PKG_CONFIG --exists --print-errors "ogg >= 1.0"
configure:13084: $? = 0
configure:13099: $PKG_CONFIG --exists --print-errors "ogg >= 1.0"
configure:13102: $? = 0
configure:13138: result: yes
configure:13321: checking for size_t
configure:13321: gcc -c -DDARWIN -fno-common -force_cpusubtype_ALL -Wall -g -O3 -ffast-math -fsigned-char -Wdeclaration-after-statement  -DUSE_MEMORY_H  conftest.c >&5
configure:13321: $? = 0
configure:13321: gcc -c -DDARWIN -fno-common -force_cpusubtype_ALL -Wall -g -O3 -ffast-math -fsigned-char -Wdeclaration-after-statement  -DUSE_MEMORY_H  conftest.c >&5
conftest.c:59:21: error: expected expression
if (sizeof ((size_t)))
                    ^
1 error generated.
configure:13321: $? = 1
configure: failed program was:
| /* confdefs.h */
| #define PACKAGE_NAME "libvorbis"
| #define PACKAGE_TARNAME "libvorbis"
| #define PACKAGE_VERSION "1.3.5"
| #define PACKAGE_STRING "libvorbis 1.3.5"
| #define PACKAGE_BUGREPORT "vorbis-dev@xiph.org"
| #define PACKAGE_URL ""
| #define PACKAGE "libvorbis"
| #define VERSION "1.3.5"
| #define STDC_HEADERS 1
| #define HAVE_SYS_TYPES_H 1
| #define HAVE_SYS_STAT_H 1
| #define HAVE_STDLIB_H 1
| #define HAVE_STRING_H 1
| #define HAVE_MEMORY_H 1
| #define HAVE_STRINGS_H 1
| #define HAVE_INTTYPES_H 1
| #define HAVE_STDINT_H 1
| #define HAVE_UNISTD_H 1
| #define HAVE_DLFCN_H 1
| #define LT_OBJDIR ".libs/"
| /* end confdefs.h.  */
| #include <stdio.h>
| #ifdef HAVE_SYS_TYPES_H
| # include <sys/types.h>
| #endif
| #ifdef HAVE_SYS_STAT_H
| # include <sys/stat.h>
| #endif
| #ifdef STDC_HEADERS
| # include <stdlib.h>
| # include <stddef.h>
| #else
| # ifdef HAVE_STDLIB_H
| #  include <stdlib.h>
| # endif
| #endif
| #ifdef HAVE_STRING_H
| # if !defined STDC_HEADERS && defined HAVE_MEMORY_H
| #  include <memory.h>
| # endif
| # include <string.h>
| #endif
| #ifdef HAVE_STRINGS_H
| # include <strings.h>
| #endif
| #ifdef HAVE_INTTYPES_H
| # include <inttypes.h>
| #endif
| #ifdef HAVE_STDINT_H
| # include <stdint.h>
| #endif
| #ifdef HAVE_UNISTD_H
| # include <unistd.h>
| #endif
| int
| main ()
| {
| if (sizeof ((size_t)))
| 	    return 0;
|   ;
|   return 0;
| }
configure:13321: result: yes
configure:13334: checking for working alloca.h
configure:13351: gcc -o conftest -DDARWIN -fno-common -force_cpusubtype_ALL -Wall -g -O3 -ffast-math -fsigned-char -Wdeclaration-after-statement  -DUSE_MEMORY_H   conftest.c  >&5
configure:13351: $? = 0
configure:13359: result: yes
configure:13367: checking for alloca
configure:13404: gcc -o conftest -DDARWIN -fno-common -force_cpusubtype_ALL -Wall -g -O3 -ffast-math -fsigned-char -Wdeclaration-after-statement  -DUSE_MEMORY_H   conftest.c  >&5
configure:13404: $? = 0
configure:13412: result: yes
configure:13518: checking for working memcmp
configure:13561: gcc -o conftest -DDARWIN -fno-common -force_cpusubtype_ALL -Wall -g -O3 -ffast-math -fsigned-char -Wdeclaration-after-statement  -DUSE_MEMORY_H   conftest.c  >&5
configure:13561: $? = 0
configure:13561: ./conftest
configure:13561: $? = 0
configure:13571: result: yes
configure:13703: checking that generated files are newer than configure
configure:13709: result: done
configure:13748: creating ./config.status

## ---------------------- ##
## Running config.status. ##
## ---------------------- ##

This file was extended by libvorbis config.status 1.3.5, which was
generated by GNU Autoconf 2.69.  Invocation command line was

  CONFIG_FILES    = 
  CONFIG_HEADERS  = 
  CONFIG_LINKS    = 
  CONFIG_COMMANDS = 
  $ ./config.status 

on tranvanloc

config.status:1143: creating Makefile
config.status:1143: creating m4/Makefile
config.status:1143: creating lib/Makefile
config.status:1143: creating lib/modes/Makefile
config.status:1143: creating lib/books/Makefile
config.status:1143: creating lib/books/coupled/Makefile
config.status:1143: creating lib/books/uncoupled/Makefile
config.status:1143: creating lib/books/floor/Makefile
config.status:1143: creating doc/Makefile
config.status:1143: creating doc/vorbisfile/Makefile
config.status:1143: creating doc/vorbisenc/Makefile
config.status:1143: creating doc/libvorbis/Makefile
config.status:1143: creating doc/Doxyfile
config.status:1143: creating include/Makefile
config.status:1143: creating include/vorbis/Makefile
config.status:1143: creating examples/Makefile
config.status:1143: creating test/Makefile
config.status:1143: creating vq/Makefile
config.status:1143: creating libvorbis.spec
config.status:1143: creating vorbis.pc
config.status:1143: creating vorbisenc.pc
config.status:1143: creating vorbisfile.pc
config.status:1143: creating vorbis-uninstalled.pc
config.status:1143: creating vorbisenc-uninstalled.pc
config.status:1143: creating vorbisfile-uninstalled.pc
config.status:1143: creating config.h
config.status:1372: executing depfiles commands
config.status:1372: executing libtool commands

## ---------------- ##
## Cache variables. ##
## ---------------- ##

ac_cv_build=x86_64-apple-darwin16.4.0
ac_cv_c_compiler_gnu=yes
ac_cv_c_inline=inline
ac_cv_env_CC_set=
ac_cv_env_CC_value=
ac_cv_env_CFLAGS_set=
ac_cv_env_CFLAGS_value=
ac_cv_env_CPPFLAGS_set=
ac_cv_env_CPPFLAGS_value=
ac_cv_env_CPP_set=
ac_cv_env_CPP_value=
ac_cv_env_LDFLAGS_set=
ac_cv_env_LDFLAGS_value=
ac_cv_env_LIBS_set=
ac_cv_env_LIBS_value=
ac_cv_env_LT_SYS_LIBRARY_PATH_set=
ac_cv_env_LT_SYS_LIBRARY_PATH_value=
ac_cv_env_OGG_CFLAGS_set=
ac_cv_env_OGG_CFLAGS_value=
ac_cv_env_OGG_LIBS_set=
ac_cv_env_OGG_LIBS_value=
ac_cv_env_PKG_CONFIG_set=
ac_cv_env_PKG_CONFIG_value=
ac_cv_env_build_alias_set=
ac_cv_env_build_alias_value=
ac_cv_env_host_alias_set=
ac_cv_env_host_alias_value=
ac_cv_env_target_alias_set=
ac_cv_env_target_alias_value=
ac_cv_func_alloca_works=yes
ac_cv_func_memcmp_working=yes
ac_cv_header_dlfcn_h=yes
ac_cv_header_inttypes_h=yes
ac_cv_header_memory_h=yes
ac_cv_header_stdc=yes
ac_cv_header_stdint_h=yes
ac_cv_header_stdlib_h=yes
ac_cv_header_string_h=yes
ac_cv_header_strings_h=yes
ac_cv_header_sys_stat_h=yes
ac_cv_header_sys_types_h=yes
ac_cv_header_unistd_h=yes
ac_cv_host=x86_64-apple-darwin16.4.0
ac_cv_lib_m_cos=yes
ac_cv_lib_pthread_pthread_create=yes
ac_cv_objext=o
ac_cv_path_EGREP='/usr/bin/grep -E'
ac_cv_path_FGREP='/usr/bin/grep -F'
ac_cv_path_GREP=/usr/bin/grep
ac_cv_path_SED=/usr/bin/sed
ac_cv_path_ac_pt_PKG_CONFIG=/usr/local/bin/pkg-config
ac_cv_path_install='/usr/bin/install -c'
ac_cv_path_lt_DD=/bin/dd
ac_cv_prog_AWK=awk
ac_cv_prog_CPP='gcc -E'
ac_cv_prog_ac_ct_AR=ar
ac_cv_prog_ac_ct_CC=gcc
ac_cv_prog_ac_ct_DLLTOOL=dlltool
ac_cv_prog_ac_ct_DSYMUTIL=dsymutil
ac_cv_prog_ac_ct_LIPO=lipo
ac_cv_prog_ac_ct_NMEDIT=nmedit
ac_cv_prog_ac_ct_OBJDUMP=objdump
ac_cv_prog_ac_ct_OTOOL=otool
ac_cv_prog_ac_ct_RANLIB=ranlib
ac_cv_prog_ac_ct_STRIP=strip
ac_cv_prog_cc_c89=
ac_cv_prog_cc_g=yes
ac_cv_prog_make_make_set=yes
ac_cv_target=x86_64-apple-darwin16.4.0
ac_cv_type_size_t=yes
ac_cv_working_alloca_h=yes
am_cv_CC_dependencies_compiler_type=gcc3
am_cv_make_support_nested_variables=yes
am_cv_prog_cc_c_o=yes
lt_cv_apple_cc_single_mod=yes
lt_cv_ar_at_file=no
lt_cv_deplibs_check_method=pass_all
lt_cv_file_magic_cmd='$MAGIC_CMD'
lt_cv_file_magic_test_file=
lt_cv_ld_exported_symbols_list=yes
lt_cv_ld_force_load=yes
lt_cv_ld_reload_flag=-r
lt_cv_nm_interface='BSD nm'
lt_cv_objdir=.libs
lt_cv_path_LD=/Applications/Xcode.app/Contents/Developer/Toolchains/XcodeDefault.xctoolchain/usr/bin/ld
lt_cv_path_NM='/usr/bin/nm -B'
lt_cv_path_mainfest_tool=no
lt_cv_prog_compiler_c_o=yes
lt_cv_prog_compiler_pic='-fno-common -DPIC'
lt_cv_prog_compiler_pic_works=yes
lt_cv_prog_compiler_rtti_exceptions=yes
lt_cv_prog_compiler_static_works=no
lt_cv_prog_gnu_ld=no
lt_cv_sharedlib_from_linklib_cmd='printf %s\n'
lt_cv_sys_global_symbol_pipe='sed -n -e '\''s/^.*[	 ]\([BCDEGRST][BCDEGRST]*\)[	 ][	 ]*_\([_A-Za-z][_A-Za-z0-9]*\)$/\1 _\2 \2/p'\'' | sed '\''/ __gnu_lto/d'\'''
lt_cv_sys_global_symbol_to_c_name_address='sed -n -e '\''s/^: \(.*\) .*$/  {"\1", (void *) 0},/p'\'' -e '\''s/^[BCDEGRST][BCDEGRST]* .* \(.*\)$/  {"\1", (void *) \&\1},/p'\'''
lt_cv_sys_global_symbol_to_c_name_address_lib_prefix='sed -n -e '\''s/^: \(.*\) .*$/  {"\1", (void *) 0},/p'\'' -e '\''s/^[BCDEGRST][BCDEGRST]* .* \(lib.*\)$/  {"\1", (void *) \&\1},/p'\'' -e '\''s/^[BCDEGRST][BCDEGRST]* .* \(.*\)$/  {"lib\1", (void *) \&\1},/p'\'''
lt_cv_sys_global_symbol_to_cdecl='sed -n -e '\''s/^T .* \(.*\)$/extern int \1();/p'\'' -e '\''s/^[BCDEGRST][BCDEGRST]* .* \(.*\)$/extern char \1;/p'\'''
lt_cv_sys_global_symbol_to_import=
lt_cv_sys_max_cmd_len=196608
lt_cv_to_host_file_cmd=func_convert_file_noop
lt_cv_to_tool_file_cmd=func_convert_file_noop
lt_cv_truncate_bin='/bin/dd bs=4096 count=1'
pkg_cv_OGG_CFLAGS=-I/usr/local/include
pkg_cv_OGG_LIBS='-L/usr/local/lib -logg'

## ----------------- ##
## Output variables. ##
## ----------------- ##

ACLOCAL='${SHELL} /Users/xuanloctn/Documents/Backup/LocTV/FFmpeg/libvorbis-1.3.5/missing aclocal-1.15'
ACLOCAL_AMFLAGS='-I m4'
ALLOCA=''
AMDEPBACKSLASH='\'
AMDEP_FALSE='#'
AMDEP_TRUE=''
AMTAR='$${TAR-tar}'
AM_BACKSLASH='\'
AM_DEFAULT_V='$(AM_DEFAULT_VERBOSITY)'
AM_DEFAULT_VERBOSITY='1'
AM_V='$(V)'
AR='ar'
AS='as'
AUTOCONF='${SHELL} /Users/xuanloctn/Documents/Backup/LocTV/FFmpeg/libvorbis-1.3.5/missing autoconf'
AUTOHEADER='${SHELL} /Users/xuanloctn/Documents/Backup/LocTV/FFmpeg/libvorbis-1.3.5/missing autoheader'
AUTOMAKE='${SHELL} /Users/xuanloctn/Documents/Backup/LocTV/FFmpeg/libvorbis-1.3.5/missing automake-1.15'
AWK='awk'
BUILD_DOCS_FALSE=''
BUILD_DOCS_TRUE='#'
BUILD_EXAMPLES_FALSE=''
BUILD_EXAMPLES_TRUE='#'
CC='gcc'
CCDEPMODE='depmode=gcc3'
CFLAGS='-DDARWIN -fno-common -force_cpusubtype_ALL -Wall -g -O3 -ffast-math -fsigned-char -Wdeclaration-after-statement  -DUSE_MEMORY_H'
CPP='gcc -E'
CPPFLAGS=''
CYGPATH_W='echo'
DEBUG='-DDARWIN -fno-common -force_cpusubtype_ALL -Wall -g -O0 -fsigned-char'
DEFS='-DHAVE_CONFIG_H'
DEPDIR='.deps'
DLLTOOL='dlltool'
DSYMUTIL='dsymutil'
DUMPBIN=''
ECHO_C='\c'
ECHO_N=''
ECHO_T=''
EGREP='/usr/bin/grep -E'
EXEEXT=''
FGREP='/usr/bin/grep -F'
GREP='/usr/bin/grep'
HAVE_DOXYGEN='false'
HAVE_DOXYGEN_FALSE=''
HAVE_DOXYGEN_TRUE='#'
HTLATEX=''
INSTALL_DATA='${INSTALL} -m 644'
INSTALL_PROGRAM='${INSTALL}'
INSTALL_SCRIPT='${INSTALL}'
INSTALL_STRIP_PROGRAM='$(install_sh) -c -s'
LD='/Applications/Xcode.app/Contents/Developer/Toolchains/XcodeDefault.xctoolchain/usr/bin/ld'
LDFLAGS=''
LIBOBJS=''
LIBS=''
LIBTOOL='$(SHELL) $(top_builddir)/libtool'
LIBTOOL_DEPS='./ltmain.sh'
LIPO='lipo'
LN_S='ln -s'
LTLIBOBJS=''
LT_SYS_LIBRARY_PATH=''
MAINT='#'
MAINTAINER_MODE_FALSE=''
MAINTAINER_MODE_TRUE='#'
MAKEINFO='${SHELL} /Users/xuanloctn/Documents/Backup/LocTV/FFmpeg/libvorbis-1.3.5/missing makeinfo'
MANIFEST_TOOL=':'
MKDIR_P='./install-sh -c -d'
NM='/usr/bin/nm -B'
NMEDIT='nmedit'
OBJDUMP='objdump'
OBJEXT='o'
OGG_CFLAGS='-I/usr/local/include'
OGG_LIBS='-L/usr/local/lib -logg'
OTOOL64=':'
OTOOL='otool'
PACKAGE='libvorbis'
PACKAGE_BUGREPORT='vorbis-dev@xiph.org'
PACKAGE_NAME='libvorbis'
PACKAGE_STRING='libvorbis 1.3.5'
PACKAGE_TARNAME='libvorbis'
PACKAGE_URL=''
PACKAGE_VERSION='1.3.5'
PATH_SEPARATOR=':'
PDFLATEX=''
PKG_CONFIG='/usr/local/bin/pkg-config'
PROFILE='-DDARWIN -fno-common -force_cpusubtype_ALL -Wall -g -pg -O3 -ffast-math -fsigned-char'
RANLIB='ranlib'
SED='/usr/bin/sed'
SET_MAKE=''
SHELL='/bin/sh'
STRIP='strip'
VERSION='1.3.5'
VE_LIB_AGE='0'
VE_LIB_CURRENT='2'
VE_LIB_REVISION='11'
VF_LIB_AGE='3'
VF_LIB_CURRENT='6'
VF_LIB_REVISION='7'
VORBIS_LIBS='-lm'
V_LIB_AGE='4'
V_LIB_CURRENT='4'
V_LIB_REVISION='8'
ac_ct_AR='ar'
ac_ct_CC='gcc'
ac_ct_DUMPBIN=''
am__EXEEXT_FALSE=''
am__EXEEXT_TRUE='#'
am__fastdepCC_FALSE='#'
am__fastdepCC_TRUE=''
am__include='include'
am__isrc=''
am__leading_dot='.'
am__nodep='_no'
am__quote=''
am__tar='$${TAR-tar} chof - "$$tardir"'
am__untar='$${TAR-tar} xf -'
bindir='${exec_prefix}/bin'
build='x86_64-apple-darwin16.4.0'
build_alias=''
build_cpu='x86_64'
build_os='darwin16.4.0'
build_vendor='apple'
datadir='${datarootdir}'
datarootdir='${prefix}/share'
docdir='${datarootdir}/doc/${PACKAGE_TARNAME}'
dvidir='${docdir}'
exec_prefix='${prefix}'
host='x86_64-apple-darwin16.4.0'
host_alias=''
host_cpu='x86_64'
host_os='darwin16.4.0'
host_vendor='apple'
htmldir='${docdir}'
includedir='${prefix}/include'
infodir='${datarootdir}/info'
install_sh='${SHELL} /Users/xuanloctn/Documents/Backup/LocTV/FFmpeg/libvorbis-1.3.5/install-sh'
libdir='${exec_prefix}/lib'
libexecdir='${exec_prefix}/libexec'
localedir='${datarootdir}/locale'
localstatedir='${prefix}/var'
mandir='${datarootdir}/man'
mkdir_p='$(MKDIR_P)'
oldincludedir='/usr/include'
pdfdir='${docdir}'
prefix='/usr/local'
program_transform_name='s,x,x,'
psdir='${docdir}'
pthread_lib='-lpthread'
sbindir='${exec_prefix}/sbin'
sharedstatedir='${prefix}/com'
sysconfdir='${prefix}/etc'
target='x86_64-apple-darwin16.4.0'
target_alias=''
target_cpu='x86_64'
target_os='darwin16.4.0'
target_vendor='apple'

## ----------- ##
## confdefs.h. ##
## ----------- ##

/* confdefs.h */
#define PACKAGE_NAME "libvorbis"
#define PACKAGE_TARNAME "libvorbis"
#define PACKAGE_VERSION "1.3.5"
#define PACKAGE_STRING "libvorbis 1.3.5"
#define PACKAGE_BUGREPORT "vorbis-dev@xiph.org"
#define PACKAGE_URL ""
#define PACKAGE "libvorbis"
#define VERSION "1.3.5"
#define STDC_HEADERS 1
#define HAVE_SYS_TYPES_H 1
#define HAVE_SYS_STAT_H 1
#define HAVE_STDLIB_H 1
#define HAVE_STRING_H 1
#define HAVE_MEMORY_H 1
#define HAVE_STRINGS_H 1
#define HAVE_INTTYPES_H 1
#define HAVE_STDINT_H 1
#define HAVE_UNISTD_H 1
#define HAVE_DLFCN_H 1
#define LT_OBJDIR ".libs/"
#define HAVE_ALLOCA_H 1
#define HAVE_ALLOCA 1

configure: exit 0
