This file contains any messages produced by compilers while
running configure, to aid debugging if configure makes a mistake.

It was created by gettext-examples configure 0.19.8, which was
generated by GNU Autoconf 2.69.  Invocation command line was

  $ ./configure --disable-option-checking --prefix=/usr/local --enable-python --cache-file=/dev/null --srcdir=.

## --------- ##
## Platform. ##
## --------- ##

hostname = tranvanlocsMini
uname -m = x86_64
uname -r = 16.4.0
uname -s = Darwin
uname -v = Darwin Kernel Version 16.4.0: Thu Dec 22 22:53:21 PST 2016; root:xnu-3789.41.3~3/RELEASE_X86_64

/usr/bin/uname -p = i386
/bin/uname -X     = unknown

/bin/arch              = unknown
/usr/bin/arch -k       = unknown
/usr/convex/getsysinfo = unknown
/usr/bin/hostinfo      = Mach kernel version:
	 Darwin Kernel Version 16.4.0: Thu Dec 22 22:53:21 PST 2016; root:xnu-3789.41.3~3/RELEASE_X86_64
Kernel configured for up to 4 processors.
2 processors are physically available.
4 processors are logically available.
Processor type: x86_64h (Intel x86-64h Haswell)
Processors active: 0 1 2 3
Primary memory available: 8.00 gigabytes
Default processor set: 326 tasks, 1411 threads, 4 processors
Load average: 3.14, Mach factor: 1.18
/bin/machine           = unknown
/usr/bin/oslevel       = unknown
/bin/universe          = unknown

PATH: /opt/local/bin
PATH: /opt/local/sbin
PATH: /usr/local/bin
PATH: /usr/bin
PATH: /bin
PATH: /usr/sbin
PATH: /sbin
PATH: /Library/Frameworks/Mono.framework/Versions/Current/Commands
PATH: /opt/local/bin
PATH: /usr/lib


## ----------- ##
## Core tests. ##
## ----------- ##

configure:1770: checking for a BSD-compatible install
configure:1838: result: /usr/bin/install -c
configure:1849: checking whether build environment is sane
configure:1904: result: yes
configure:2055: checking for a thread-safe mkdir -p
configure:2094: result: ../../build-aux/install-sh -c -d
configure:2101: checking for gawk
configure:2131: result: no
configure:2101: checking for mawk
configure:2131: result: no
configure:2101: checking for nawk
configure:2131: result: no
configure:2101: checking for awk
configure:2117: found /usr/bin/awk
configure:2128: result: awk
configure:2139: checking whether make sets $(MAKE)
configure:2161: result: yes
configure:2190: checking whether make supports nested variables
configure:2207: result: yes
configure:2336: checking for a sed that does not truncate output
configure:2400: result: /usr/bin/sed
configure:2406: checking whether NLS is requested
configure:2415: result: yes
configure:2455: checking for msgfmt
configure: trying /usr/local/bin/msgfmt...
0 translated messages.
configure:2487: result: /usr/local/bin/msgfmt
configure:2496: checking for gmsgfmt
configure:2527: result: /usr/local/bin/msgfmt
configure:2577: checking for xgettext
configure: trying /usr/local/bin/xgettext...
/usr/local/bin/xgettext: warning: file '/dev/null' extension '' is unknown; will try C
configure:2609: result: /usr/local/bin/xgettext
configure:2654: checking for msgmerge
configure: trying /usr/local/bin/msgmerge...
configure:2685: result: /usr/local/bin/msgmerge
configure:2858: checking that generated files are newer than configure
configure:2864: result: done
configure:2872: creating ./config.status

## ---------------------- ##
## Running config.status. ##
## ---------------------- ##

This file was extended by gettext-examples config.status 0.19.8, which was
generated by GNU Autoconf 2.69.  Invocation command line was

  CONFIG_FILES    = 
  CONFIG_HEADERS  = 
  CONFIG_LINKS    = 
  CONFIG_COMMANDS = 
  $ ./config.status 

on tranvanlocsMini

config.status:773: creating Makefile
config.status:773: creating installpaths
config.status:773: creating po/Makefile
config.status:945: executing po-directories commands

## ---------------- ##
## Cache variables. ##
## ---------------- ##

ac_cv_env_build_alias_set=
ac_cv_env_build_alias_value=
ac_cv_env_host_alias_set=
ac_cv_env_host_alias_value=
ac_cv_env_target_alias_set=
ac_cv_env_target_alias_value=
ac_cv_path_GMSGFMT=/usr/local/bin/msgfmt
ac_cv_path_MSGFMT=/usr/local/bin/msgfmt
ac_cv_path_MSGMERGE=/usr/local/bin/msgmerge
ac_cv_path_SED=/usr/bin/sed
ac_cv_path_XGETTEXT=/usr/local/bin/xgettext
ac_cv_path_install='/usr/bin/install -c'
ac_cv_prog_AWK=awk
ac_cv_prog_make_make_set=yes
am_cv_make_support_nested_variables=yes

## ----------------- ##
## Output variables. ##
## ----------------- ##

ACLOCAL='${SHELL} /Users/xuanloctn/Documents/Backup/LocTV/FFmpeg/gettext-0.19.8/build-aux/missing aclocal-1.15'
AMTAR='$${TAR-tar}'
AM_BACKSLASH='\'
AM_DEFAULT_V='$(AM_DEFAULT_VERBOSITY)'
AM_DEFAULT_VERBOSITY='1'
AM_V='$(V)'
AUTOCONF='${SHELL} /Users/xuanloctn/Documents/Backup/LocTV/FFmpeg/gettext-0.19.8/build-aux/missing autoconf'
AUTOHEADER='${SHELL} /Users/xuanloctn/Documents/Backup/LocTV/FFmpeg/gettext-0.19.8/build-aux/missing autoheader'
AUTOMAKE='${SHELL} /Users/xuanloctn/Documents/Backup/LocTV/FFmpeg/gettext-0.19.8/build-aux/missing automake-1.15'
AWK='awk'
CYGPATH_W='echo'
DEFS='-DPACKAGE_NAME=\"gettext-examples\" -DPACKAGE_TARNAME=\"gettext-examples\" -DPACKAGE_VERSION=\"0.19.8\" -DPACKAGE_STRING=\"gettext-examples\ 0.19.8\" -DPACKAGE_BUGREPORT=\"bug-gnu-gettext@gnu.org\" -DPACKAGE_URL=\"\" -DPACKAGE=\"gettext-examples\" -DVERSION=\"0.19.8\"'
ECHO_C='\c'
ECHO_N=''
ECHO_T=''
GETTEXT_MACRO_VERSION='0.19'
GMSGFMT='/usr/local/bin/msgfmt'
GMSGFMT_015='/usr/local/bin/msgfmt'
INSTALL_DATA='${INSTALL} -m 644'
INSTALL_PROGRAM='${INSTALL}'
INSTALL_SCRIPT='${INSTALL}'
INSTALL_STRIP_PROGRAM='$(install_sh) -c -s'
LIBOBJS=''
LIBS=''
LTLIBOBJS=''
MAKEINFO='${SHELL} /Users/xuanloctn/Documents/Backup/LocTV/FFmpeg/gettext-0.19.8/build-aux/missing makeinfo'
MKDIR_P='../../build-aux/install-sh -c -d'
MSGFMT='/usr/local/bin/msgfmt'
MSGFMT_015='/usr/local/bin/msgfmt'
MSGMERGE='/usr/local/bin/msgmerge'
PACKAGE='gettext-examples'
PACKAGE_BUGREPORT='bug-gnu-gettext@gnu.org'
PACKAGE_NAME='gettext-examples'
PACKAGE_STRING='gettext-examples 0.19.8'
PACKAGE_TARNAME='gettext-examples'
PACKAGE_URL=''
PACKAGE_VERSION='0.19.8'
PATH_SEPARATOR=':'
SED='/usr/bin/sed'
SET_MAKE=''
SHELL='/bin/sh'
STRIP=''
USE_NLS='yes'
VERSION='0.19.8'
XGETTEXT='/usr/local/bin/xgettext'
XGETTEXT_015='/usr/local/bin/xgettext'
XGETTEXT_EXTRA_OPTIONS=''
aclocaldir='${datadir}/aclocal'
am__isrc=''
am__leading_dot='.'
am__tar='$${TAR-tar} chof - "$$tardir"'
am__untar='$${TAR-tar} xf -'
bindir='${exec_prefix}/bin'
build_alias=''
datadir='${datarootdir}'
datarootdir='${prefix}/share'
docdir='${datarootdir}/doc/gettext'
dvidir='${docdir}'
exec_prefix='${prefix}'
host_alias=''
htmldir='${docdir}'
includedir='${prefix}/include'
infodir='${datarootdir}/info'
install_sh='${SHELL} /Users/xuanloctn/Documents/Backup/LocTV/FFmpeg/gettext-0.19.8/build-aux/install-sh'
libdir='${exec_prefix}/lib'
libexecdir='${exec_prefix}/libexec'
localedir='${datarootdir}/locale'
localstatedir='${prefix}/var'
mandir='${datarootdir}/man'
mkdir_p='$(MKDIR_P)'
oldincludedir='/usr/include'
pdfdir='${docdir}'
prefix='/usr/local'
program_transform_name='s,x,x,'
psdir='${docdir}'
sbindir='${exec_prefix}/sbin'
sharedstatedir='${prefix}/com'
sysconfdir='${prefix}/etc'
target_alias=''

## ----------- ##
## confdefs.h. ##
## ----------- ##

/* confdefs.h */
#define PACKAGE_NAME "gettext-examples"
#define PACKAGE_TARNAME "gettext-examples"
#define PACKAGE_VERSION "0.19.8"
#define PACKAGE_STRING "gettext-examples 0.19.8"
#define PACKAGE_BUGREPORT "bug-gnu-gettext@gnu.org"
#define PACKAGE_URL ""
#define PACKAGE "gettext-examples"
#define VERSION "0.19.8"

configure: exit 0
